# JRE version: OpenJDK Runtime Environment (17.0.8) (build 17.0.8+0--10699129)
# Java VM: OpenJDK 64-Bit Server VM (17.0.8+0--10699129, mixed mode, tiered, compressed oops, compressed class ptrs, g1 gc, windows-amd64)
GC Precious Log:
 CPUs: 8 total, 8 available
 Memory: 6091M
 Large Page Support: Disabled
 NUMA Support: Disabled
 Compressed Oops: Enabled (32-bit)
 Heap Region Size: 1M
 Heap Min Capacity: 8M
 Heap Initial Capacity: 96M
 Heap Max Capacity: 2G
 Pre-touch: Disabled
 Parallel Workers: 8
 Concurrent Workers: 2
 Concurrent Refinement Workers: 8
 Periodic GC: Disabled
Heap:
 garbage-first heap   total 380928K, used 297984K [0x0000000080000000, 0x0000000100000000)
  region size 1024K, 4 young (4096K), 4 survivors (4096K)
 Metaspace       used 130898K, committed 131648K, reserved 1179648K
  class space    used 17150K, committed 17536K, reserved 1048576K
GC Heap History (20 events):
Event: 60.904 GC heap after
{Heap after GC invocations=55 (full 0):
 garbage-first heap   total 300032K, used 197313K [0x0000000080000000, 0x0000000100000000)
  region size 1024K, 8 young (8192K), 8 survivors (8192K)
 Metaspace       used 125873K, committed 126720K, reserved 1179648K
  class space    used 16439K, committed 16832K, reserved 1048576K
}
Event: 61.667 GC heap before
{Heap before GC invocations=55 (full 0):
 garbage-first heap   total 300032K, used 251585K [0x0000000080000000, 0x0000000100000000)
  region size 1024K, 62 young (63488K), 8 survivors (8192K)
 Metaspace       used 126554K, committed 127360K, reserved 1179648K
  class space    used 16527K, committed 16896K, reserved 1048576K
}
Event: 61.683 GC heap after
{Heap after GC invocations=56 (full 0):
 garbage-first heap   total 300032K, used 200745K [0x0000000080000000, 0x0000000100000000)
  region size 1024K, 5 young (5120K), 5 survivors (5120K)
 Metaspace       used 126554K, committed 127360K, reserved 1179648K
  class space    used 16527K, committed 16896K, reserved 1048576K
}
Event: 62.175 GC heap before
{Heap before GC invocations=56 (full 0):
 garbage-first heap   total 300032K, used 251945K [0x0000000080000000, 0x0000000100000000)
  region size 1024K, 56 young (57344K), 5 survivors (5120K)
 Metaspace       used 126716K, committed 127552K, reserved 1179648K
  class space    used 16551K, committed 16960K, reserved 1048576K
}
Event: 62.185 GC heap after
{Heap after GC invocations=57 (full 0):
 garbage-first heap   total 300032K, used 204540K [0x0000000080000000, 0x0000000100000000)
  region size 1024K, 6 young (6144K), 6 survivors (6144K)
 Metaspace       used 126716K, committed 127552K, reserved 1179648K
  class space    used 16551K, committed 16960K, reserved 1048576K
}
Event: 62.858 GC heap before
{Heap before GC invocations=57 (full 0):
 garbage-first heap   total 300032K, used 252668K [0x0000000080000000, 0x0000000100000000)
  region size 1024K, 54 young (55296K), 6 survivors (6144K)
 Metaspace       used 126866K, committed 127680K, reserved 1179648K
  class space    used 16575K, committed 16960K, reserved 1048576K
}
Event: 62.868 GC heap after
{Heap after GC invocations=58 (full 0):
 garbage-first heap   total 300032K, used 205542K [0x0000000080000000, 0x0000000100000000)
  region size 1024K, 4 young (4096K), 4 survivors (4096K)
 Metaspace       used 126866K, committed 127680K, reserved 1179648K
  class space    used 16575K, committed 16960K, reserved 1048576K
}
Event: 63.509 GC heap before
{Heap before GC invocations=58 (full 0):
 garbage-first heap   total 300032K, used 250598K [0x0000000080000000, 0x0000000100000000)
  region size 1024K, 28 young (28672K), 4 survivors (4096K)
 Metaspace       used 127184K, committed 128000K, reserved 1179648K
  class space    used 16615K, committed 17024K, reserved 1048576K
}
Event: 63.518 GC heap after
{Heap after GC invocations=59 (full 0):
 garbage-first heap   total 300032K, used 238589K [0x0000000080000000, 0x0000000100000000)
  region size 1024K, 7 young (7168K), 7 survivors (7168K)
 Metaspace       used 127184K, committed 128000K, reserved 1179648K
  class space    used 16615K, committed 17024K, reserved 1048576K
}
Event: 64.195 GC heap before
{Heap before GC invocations=60 (full 0):
 garbage-first heap   total 380928K, used 233469K [0x0000000080000000, 0x0000000100000000)
  region size 1024K, 18 young (18432K), 7 survivors (7168K)
 Metaspace       used 128235K, committed 129024K, reserved 1179648K
  class space    used 16775K, committed 17152K, reserved 1048576K
}
Event: 64.203 GC heap after
{Heap after GC invocations=61 (full 0):
 garbage-first heap   total 380928K, used 225317K [0x0000000080000000, 0x0000000100000000)
  region size 1024K, 3 young (3072K), 3 survivors (3072K)
 Metaspace       used 128235K, committed 129024K, reserved 1179648K
  class space    used 16775K, committed 17152K, reserved 1048576K
}
Event: 64.709 GC heap before
{Heap before GC invocations=61 (full 0):
 garbage-first heap   total 380928K, used 240677K [0x0000000080000000, 0x0000000100000000)
  region size 1024K, 18 young (18432K), 3 survivors (3072K)
 Metaspace       used 130102K, committed 130880K, reserved 1179648K
  class space    used 17042K, committed 17408K, reserved 1048576K
}
Event: 64.715 GC heap after
{Heap after GC invocations=62 (full 0):
 garbage-first heap   total 380928K, used 200000K [0x0000000080000000, 0x0000000100000000)
  region size 1024K, 1 young (1024K), 1 survivors (1024K)
 Metaspace       used 130102K, committed 130880K, reserved 1179648K
  class space    used 17042K, committed 17408K, reserved 1048576K
}
Event: 65.227 GC heap before
{Heap before GC invocations=62 (full 0):
 garbage-first heap   total 380928K, used 346432K [0x0000000080000000, 0x0000000100000000)
  region size 1024K, 60 young (61440K), 1 survivors (1024K)
 Metaspace       used 130655K, committed 131456K, reserved 1179648K
  class space    used 17130K, committed 17536K, reserved 1048576K
}
Event: 65.250 GC heap after
{Heap after GC invocations=63 (full 0):
 garbage-first heap   total 380928K, used 256136K [0x0000000080000000, 0x0000000100000000)
  region size 1024K, 9 young (9216K), 9 survivors (9216K)
 Metaspace       used 130655K, committed 131456K, reserved 1179648K
  class space    used 17130K, committed 17536K, reserved 1048576K
}
Event: 65.607 GC heap before
{Heap before GC invocations=63 (full 0):
 garbage-first heap   total 380928K, used 299144K [0x0000000080000000, 0x0000000100000000)
  region size 1024K, 49 young (50176K), 9 survivors (9216K)
 Metaspace       used 130655K, committed 131456K, reserved 1179648K
  class space    used 17130K, committed 17536K, reserved 1048576K
}
Event: 65.647 GC heap after
{Heap after GC invocations=64 (full 0):
 garbage-first heap   total 380928K, used 273491K [0x0000000080000000, 0x0000000100000000)
  region size 1024K, 7 young (7168K), 7 survivors (7168K)
 Metaspace       used 130655K, committed 131456K, reserved 1179648K
  class space    used 17130K, committed 17536K, reserved 1048576K
}
Event: 65.842 GC heap before
{Heap before GC invocations=64 (full 0):
 garbage-first heap   total 380928K, used 307283K [0x0000000080000000, 0x0000000100000000)
  region size 1024K, 39 young (39936K), 7 survivors (7168K)
 Metaspace       used 130690K, committed 131520K, reserved 1179648K
  class space    used 17134K, committed 17536K, reserved 1048576K
}
Event: 65.874 GC heap after
{Heap after GC invocations=65 (full 0):
 garbage-first heap   total 380928K, used 285918K [0x0000000080000000, 0x0000000100000000)
  region size 1024K, 5 young (5120K), 5 survivors (5120K)
 Metaspace       used 130690K, committed 131520K, reserved 1179648K
  class space    used 17134K, committed 17536K, reserved 1048576K
}
Event: 66.046 GC heap before
{Heap before GC invocations=65 (full 0):
 garbage-first heap   total 380928K, used 316638K [0x0000000080000000, 0x0000000100000000)
  region size 1024K, 32 young (32768K), 5 survivors (5120K)
 Metaspace       used 130898K, committed 131648K, reserved 1179648K
  class space    used 17150K, committed 17536K, reserved 1048576K
}

