# JRE version: OpenJDK Runtime Environment (17.0.8) (build 17.0.8+0--10699129)
# Java VM: OpenJDK 64-Bit Server VM (17.0.8+0--10699129, mixed mode, tiered, compressed oops, compressed class ptrs, g1 gc, windows-amd64)
GC Precious Log:
 CPUs: 8 total, 8 available
 Memory: 6091M
 Large Page Support: Disabled
 NUMA Support: Disabled
 Compressed Oops: Enabled (32-bit)
 Heap Region Size: 1M
 Heap Min Capacity: 8M
 Heap Initial Capacity: 96M
 Heap Max Capacity: 2G
 Pre-touch: Disabled
 Parallel Workers: 8
 Concurrent Workers: 2
 Concurrent Refinement Workers: 8
 Periodic GC: Disabled
Heap:
 garbage-first heap   total 417792K, used 325120K [0x0000000080000000, 0x0000000100000000)
  region size 1024K, 3 young (3072K), 3 survivors (3072K)
 Metaspace       used 116649K, committed 117440K, reserved 1179648K
  class space    used 15476K, committed 15872K, reserved 1048576K
GC Heap History (20 events):
Event: 33.712 GC heap after
{Heap after GC invocations=51 (full 0):
 garbage-first heap   total 229376K, used 129749K [0x0000000080000000, 0x0000000100000000)
  region size 1024K, 7 young (7168K), 7 survivors (7168K)
 Metaspace       used 107539K, committed 108288K, reserved 1179648K
  class space    used 14625K, committed 14976K, reserved 1048576K
}
Event: 35.236 GC heap before
{Heap before GC invocations=51 (full 0):
 garbage-first heap   total 229376K, used 191189K [0x0000000080000000, 0x0000000100000000)
  region size 1024K, 66 young (67584K), 7 survivors (7168K)
 Metaspace       used 110871K, committed 111680K, reserved 1179648K
  class space    used 14976K, committed 15360K, reserved 1048576K
}
Event: 35.256 GC heap after
{Heap after GC invocations=52 (full 0):
 garbage-first heap   total 229376K, used 145743K [0x0000000080000000, 0x0000000100000000)
  region size 1024K, 9 young (9216K), 9 survivors (9216K)
 Metaspace       used 110871K, committed 111680K, reserved 1179648K
  class space    used 14976K, committed 15360K, reserved 1048576K
}
Event: 36.432 GC heap before
{Heap before GC invocations=52 (full 0):
 garbage-first heap   total 229376K, used 187727K [0x0000000080000000, 0x0000000100000000)
  region size 1024K, 49 young (50176K), 9 survivors (9216K)
 Metaspace       used 114919K, committed 115712K, reserved 1179648K
  class space    used 15297K, committed 15680K, reserved 1048576K
}
Event: 36.458 GC heap after
{Heap after GC invocations=53 (full 0):
 garbage-first heap   total 229376K, used 157541K [0x0000000080000000, 0x0000000100000000)
  region size 1024K, 7 young (7168K), 7 survivors (7168K)
 Metaspace       used 114919K, committed 115712K, reserved 1179648K
  class space    used 15297K, committed 15680K, reserved 1048576K
}
Event: 36.935 GC heap before
{Heap before GC invocations=53 (full 0):
 garbage-first heap   total 229376K, used 187237K [0x0000000080000000, 0x0000000100000000)
  region size 1024K, 36 young (36864K), 7 survivors (7168K)
 Metaspace       used 115084K, committed 115904K, reserved 1179648K
  class space    used 15312K, committed 15744K, reserved 1048576K
}
Event: 36.957 GC heap after
{Heap after GC invocations=54 (full 0):
 garbage-first heap   total 229376K, used 187392K [0x0000000080000000, 0x0000000100000000)
  region size 1024K, 5 young (5120K), 5 survivors (5120K)
 Metaspace       used 115084K, committed 115904K, reserved 1179648K
  class space    used 15312K, committed 15744K, reserved 1048576K
}
Event: 36.996 GC heap before
{Heap before GC invocations=54 (full 0):
 garbage-first heap   total 229376K, used 193536K [0x0000000080000000, 0x0000000100000000)
  region size 1024K, 11 young (11264K), 5 survivors (5120K)
 Metaspace       used 115084K, committed 115904K, reserved 1179648K
  class space    used 15312K, committed 15744K, reserved 1048576K
}
Event: 37.008 GC heap after
{Heap after GC invocations=55 (full 0):
 garbage-first heap   total 229376K, used 195072K [0x0000000080000000, 0x0000000100000000)
  region size 1024K, 2 young (2048K), 2 survivors (2048K)
 Metaspace       used 115084K, committed 115904K, reserved 1179648K
  class space    used 15312K, committed 15744K, reserved 1048576K
}
Event: 37.092 GC heap before
{Heap before GC invocations=55 (full 0):
 garbage-first heap   total 229376K, used 204288K [0x0000000080000000, 0x0000000100000000)
  region size 1024K, 11 young (11264K), 2 survivors (2048K)
 Metaspace       used 115084K, committed 115904K, reserved 1179648K
  class space    used 15312K, committed 15744K, reserved 1048576K
}
Event: 37.103 GC heap after
{Heap after GC invocations=56 (full 0):
 garbage-first heap   total 417792K, used 205127K [0x0000000080000000, 0x0000000100000000)
  region size 1024K, 2 young (2048K), 2 survivors (2048K)
 Metaspace       used 115084K, committed 115904K, reserved 1179648K
  class space    used 15312K, committed 15744K, reserved 1048576K
}
Event: 38.061 GC heap before
{Heap before GC invocations=57 (full 0):
 garbage-first heap   total 417792K, used 265543K [0x0000000080000000, 0x0000000100000000)
  region size 1024K, 61 young (62464K), 2 survivors (2048K)
 Metaspace       used 116531K, committed 117376K, reserved 1179648K
  class space    used 15474K, committed 15872K, reserved 1048576K
}
Event: 38.089 GC heap after
{Heap after GC invocations=58 (full 0):
 garbage-first heap   total 417792K, used 244990K [0x0000000080000000, 0x0000000100000000)
  region size 1024K, 8 young (8192K), 8 survivors (8192K)
 Metaspace       used 116531K, committed 117376K, reserved 1179648K
  class space    used 15474K, committed 15872K, reserved 1048576K
}
Event: 38.164 GC heap before
{Heap before GC invocations=58 (full 0):
 garbage-first heap   total 417792K, used 257278K [0x0000000080000000, 0x0000000100000000)
  region size 1024K, 20 young (20480K), 8 survivors (8192K)
 Metaspace       used 116531K, committed 117376K, reserved 1179648K
  class space    used 15474K, committed 15872K, reserved 1048576K
}
Event: 38.190 GC heap after
{Heap after GC invocations=59 (full 0):
 garbage-first heap   total 417792K, used 255488K [0x0000000080000000, 0x0000000100000000)
  region size 1024K, 3 young (3072K), 3 survivors (3072K)
 Metaspace       used 116531K, committed 117376K, reserved 1179648K
  class space    used 15474K, committed 15872K, reserved 1048576K
}
Event: 38.434 GC heap before
{Heap before GC invocations=59 (full 0):
 garbage-first heap   total 417792K, used 295424K [0x0000000080000000, 0x0000000100000000)
  region size 1024K, 42 young (43008K), 3 survivors (3072K)
 Metaspace       used 116601K, committed 117440K, reserved 1179648K
  class space    used 15474K, committed 15872K, reserved 1048576K
}
Event: 38.458 GC heap after
{Heap after GC invocations=60 (full 0):
 garbage-first heap   total 417792K, used 285184K [0x0000000080000000, 0x0000000100000000)
  region size 1024K, 6 young (6144K), 6 survivors (6144K)
 Metaspace       used 116601K, committed 117440K, reserved 1179648K
  class space    used 15474K, committed 15872K, reserved 1048576K
}
Event: 38.547 GC heap before
{Heap before GC invocations=60 (full 0):
 garbage-first heap   total 417792K, used 314880K [0x0000000080000000, 0x0000000100000000)
  region size 1024K, 35 young (35840K), 6 survivors (6144K)
 Metaspace       used 116603K, committed 117440K, reserved 1179648K
  class space    used 15474K, committed 15872K, reserved 1048576K
}
Event: 38.577 GC heap after
{Heap after GC invocations=61 (full 0):
 garbage-first heap   total 417792K, used 316928K [0x0000000080000000, 0x0000000100000000)
  region size 1024K, 5 young (5120K), 5 survivors (5120K)
 Metaspace       used 116603K, committed 117440K, reserved 1179648K
  class space    used 15474K, committed 15872K, reserved 1048576K
}
Event: 38.659 GC heap before
{Heap before GC invocations=61 (full 0):
 garbage-first heap   total 417792K, used 334336K [0x0000000080000000, 0x0000000100000000)
  region size 1024K, 22 young (22528K), 5 survivors (5120K)
 Metaspace       used 116649K, committed 117440K, reserved 1179648K
  class space    used 15476K, committed 15872K, reserved 1048576K
}

