# JRE version: OpenJDK Runtime Environment (17.0.8) (build 17.0.8+0--10699129)
# Java VM: OpenJDK 64-Bit Server VM (17.0.8+0--10699129, mixed mode, tiered, compressed oops, compressed class ptrs, g1 gc, windows-amd64)
GC Precious Log:
 CPUs: 8 total, 8 available
 Memory: 6091M
 Large Page Support: Disabled
 NUMA Support: Disabled
 Compressed Oops: Enabled (32-bit)
 Heap Region Size: 1M
 Heap Min Capacity: 8M
 Heap Initial Capacity: 96M
 Heap Max Capacity: 2G
 Pre-touch: Disabled
 Parallel Workers: 8
 Concurrent Workers: 2
 Concurrent Refinement Workers: 8
 Periodic GC: Disabled
Heap:
 garbage-first heap   total 434176K, used 298783K [0x0000000080000000, 0x0000000100000000)
  region size 1024K, 9 young (9216K), 9 survivors (9216K)
 Metaspace       used 111361K, committed 112064K, reserved 1179648K
  class space    used 15402K, committed 15744K, reserved 1048576K
GC Heap History (20 events):
Event: 17.333 GC heap after
{Heap after GC invocations=51 (full 0):
 garbage-first heap   total 183296K, used 107368K [0x0000000080000000, 0x0000000100000000)
  region size 1024K, 2 young (2048K), 2 survivors (2048K)
 Metaspace       used 98219K, committed 98944K, reserved 1179648K
  class space    used 13442K, committed 13824K, reserved 1048576K
}
Event: 17.677 GC heap before
{Heap before GC invocations=51 (full 0):
 garbage-first heap   total 183296K, used 149352K [0x0000000080000000, 0x0000000100000000)
  region size 1024K, 43 young (44032K), 2 survivors (2048K)
 Metaspace       used 98382K, committed 99136K, reserved 1179648K
  class space    used 13444K, committed 13824K, reserved 1048576K
}
Event: 17.682 GC heap after
{Heap after GC invocations=52 (full 0):
 garbage-first heap   total 183296K, used 110522K [0x0000000080000000, 0x0000000100000000)
  region size 1024K, 5 young (5120K), 5 survivors (5120K)
 Metaspace       used 98382K, committed 99136K, reserved 1179648K
  class space    used 13444K, committed 13824K, reserved 1048576K
}
Event: 18.176 GC heap before
{Heap before GC invocations=53 (full 0):
 garbage-first heap   total 208896K, used 149434K [0x0000000080000000, 0x0000000100000000)
  region size 1024K, 44 young (45056K), 5 survivors (5120K)
 Metaspace       used 98633K, committed 99328K, reserved 1179648K
  class space    used 13448K, committed 13824K, reserved 1048576K
}
Event: 18.183 GC heap after
{Heap after GC invocations=54 (full 0):
 garbage-first heap   total 208896K, used 113023K [0x0000000080000000, 0x0000000100000000)
  region size 1024K, 5 young (5120K), 5 survivors (5120K)
 Metaspace       used 98633K, committed 99328K, reserved 1179648K
  class space    used 13448K, committed 13824K, reserved 1048576K
}
Event: 18.244 GC heap before
{Heap before GC invocations=54 (full 0):
 garbage-first heap   total 208896K, used 117119K [0x0000000080000000, 0x0000000100000000)
  region size 1024K, 10 young (10240K), 5 survivors (5120K)
 Metaspace       used 98667K, committed 99392K, reserved 1179648K
  class space    used 13450K, committed 13824K, reserved 1048576K
}
Event: 18.254 GC heap after
{Heap after GC invocations=55 (full 0):
 garbage-first heap   total 434176K, used 112240K [0x0000000080000000, 0x0000000100000000)
  region size 1024K, 1 young (1024K), 1 survivors (1024K)
 Metaspace       used 98667K, committed 99392K, reserved 1179648K
  class space    used 13450K, committed 13824K, reserved 1048576K
}
Event: 20.702 GC heap before
{Heap before GC invocations=55 (full 0):
 garbage-first heap   total 434176K, used 349808K [0x0000000080000000, 0x0000000100000000)
  region size 1024K, 234 young (239616K), 1 survivors (1024K)
 Metaspace       used 102018K, committed 102784K, reserved 1179648K
  class space    used 13917K, committed 14272K, reserved 1048576K
}
Event: 20.717 GC heap after
{Heap after GC invocations=56 (full 0):
 garbage-first heap   total 434176K, used 125978K [0x0000000080000000, 0x0000000100000000)
  region size 1024K, 15 young (15360K), 15 survivors (15360K)
 Metaspace       used 102018K, committed 102784K, reserved 1179648K
  class space    used 13917K, committed 14272K, reserved 1048576K
}
Event: 22.229 GC heap before
{Heap before GC invocations=56 (full 0):
 garbage-first heap   total 434176K, used 349210K [0x0000000080000000, 0x0000000100000000)
  region size 1024K, 178 young (182272K), 15 survivors (15360K)
 Metaspace       used 107915K, committed 108672K, reserved 1179648K
  class space    used 14720K, committed 15104K, reserved 1048576K
}
Event: 22.248 GC heap after
{Heap after GC invocations=57 (full 0):
 garbage-first heap   total 434176K, used 196046K [0x0000000080000000, 0x0000000100000000)
  region size 1024K, 28 young (28672K), 28 survivors (28672K)
 Metaspace       used 107915K, committed 108672K, reserved 1179648K
  class space    used 14720K, committed 15104K, reserved 1048576K
}
Event: 22.275 GC heap before
{Heap before GC invocations=57 (full 0):
 garbage-first heap   total 434176K, used 268750K [0x0000000080000000, 0x0000000100000000)
  region size 1024K, 47 young (48128K), 28 survivors (28672K)
 Metaspace       used 107921K, committed 108672K, reserved 1179648K
  class space    used 14720K, committed 15104K, reserved 1048576K
}
Event: 22.288 GC heap after
{Heap after GC invocations=58 (full 0):
 garbage-first heap   total 434176K, used 224666K [0x0000000080000000, 0x0000000100000000)
  region size 1024K, 8 young (8192K), 8 survivors (8192K)
 Metaspace       used 107921K, committed 108672K, reserved 1179648K
  class space    used 14720K, committed 15104K, reserved 1048576K
}
Event: 22.289 GC heap before
{Heap before GC invocations=58 (full 0):
 garbage-first heap   total 434176K, used 226714K [0x0000000080000000, 0x0000000100000000)
  region size 1024K, 8 young (8192K), 8 survivors (8192K)
 Metaspace       used 107921K, committed 108672K, reserved 1179648K
  class space    used 14720K, committed 15104K, reserved 1048576K
}
Event: 22.292 GC heap after
{Heap after GC invocations=59 (full 0):
 garbage-first heap   total 434176K, used 226217K [0x0000000080000000, 0x0000000100000000)
  region size 1024K, 8 young (8192K), 8 survivors (8192K)
 Metaspace       used 107921K, committed 108672K, reserved 1179648K
  class space    used 14720K, committed 15104K, reserved 1048576K
}
Event: 23.129 GC heap before
{Heap before GC invocations=60 (full 0):
 garbage-first heap   total 434176K, used 352169K [0x0000000080000000, 0x0000000100000000)
  region size 1024K, 119 young (121856K), 8 survivors (8192K)
 Metaspace       used 108240K, committed 108928K, reserved 1179648K
  class space    used 14764K, committed 15104K, reserved 1048576K
}
Event: 23.177 GC heap after
{Heap after GC invocations=61 (full 0):
 garbage-first heap   total 434176K, used 274224K [0x0000000080000000, 0x0000000100000000)
  region size 1024K, 15 young (15360K), 15 survivors (15360K)
 Metaspace       used 108240K, committed 108928K, reserved 1179648K
  class space    used 14764K, committed 15104K, reserved 1048576K
}
Event: 23.217 GC heap before
{Heap before GC invocations=61 (full 0):
 garbage-first heap   total 434176K, used 280368K [0x0000000080000000, 0x0000000100000000)
  region size 1024K, 21 young (21504K), 15 survivors (15360K)
 Metaspace       used 108240K, committed 108928K, reserved 1179648K
  class space    used 14764K, committed 15104K, reserved 1048576K
}
Event: 23.238 GC heap after
{Heap after GC invocations=62 (full 0):
 garbage-first heap   total 434176K, used 277559K [0x0000000080000000, 0x0000000100000000)
  region size 1024K, 3 young (3072K), 3 survivors (3072K)
 Metaspace       used 108240K, committed 108928K, reserved 1179648K
  class space    used 14764K, committed 15104K, reserved 1048576K
}
Event: 23.656 GC heap before
{Heap before GC invocations=62 (full 0):
 garbage-first heap   total 434176K, used 343095K [0x0000000080000000, 0x0000000100000000)
  region size 1024K, 67 young (68608K), 3 survivors (3072K)
 Metaspace       used 111361K, committed 112064K, reserved 1179648K
  class space    used 15402K, committed 15744K, reserved 1048576K
}

