# JRE version: OpenJDK Runtime Environment (17.0.8) (build 17.0.8+0--10699129)
# Java VM: OpenJDK 64-Bit Server VM (17.0.8+0--10699129, mixed mode, tiered, compressed oops, compressed class ptrs, g1 gc, windows-amd64)
GC Precious Log:
 CPUs: 8 total, 8 available
 Memory: 6091M
 Large Page Support: Disabled
 NUMA Support: Disabled
 Compressed Oops: Enabled (32-bit)
 Heap Region Size: 1M
 Heap Min Capacity: 8M
 Heap Initial Capacity: 96M
 Heap Max Capacity: 2G
 Pre-touch: Disabled
 Parallel Workers: 8
 Concurrent Workers: 2
 Concurrent Refinement Workers: 8
 Periodic GC: Disabled
Heap:
 garbage-first heap   total 468992K, used 351744K [0x0000000080000000, 0x0000000100000000)
  region size 1024K, 13 young (13312K), 6 survivors (6144K)
 Metaspace       used 150874K, committed 151872K, reserved 1245184K
  class space    used 20080K, committed 20544K, reserved 1048576K
GC Heap History (20 events):
Event: 43.318 GC heap before
{Heap before GC invocations=64 (full 0):
 garbage-first heap   total 454656K, used 356103K [0x0000000080000000, 0x0000000100000000)
  region size 1024K, 75 young (76800K), 5 survivors (5120K)
 Metaspace       used 129094K, committed 129920K, reserved 1179648K
  class space    used 17177K, committed 17600K, reserved 1048576K
}
Event: 43.328 GC heap after
{Heap after GC invocations=65 (full 0):
 garbage-first heap   total 454656K, used 286947K [0x0000000080000000, 0x0000000100000000)
  region size 1024K, 7 young (7168K), 7 survivors (7168K)
 Metaspace       used 129094K, committed 129920K, reserved 1179648K
  class space    used 17177K, committed 17600K, reserved 1048576K
}
Event: 45.083 GC heap before
{Heap before GC invocations=65 (full 0):
 garbage-first heap   total 454656K, used 362723K [0x0000000080000000, 0x0000000100000000)
  region size 1024K, 82 young (83968K), 7 survivors (7168K)
 Metaspace       used 135163K, committed 136000K, reserved 1179648K
  class space    used 18261K, committed 18624K, reserved 1048576K
}
Event: 45.095 GC heap after
{Heap after GC invocations=66 (full 0):
 garbage-first heap   total 454656K, used 290324K [0x0000000080000000, 0x0000000100000000)
  region size 1024K, 6 young (6144K), 6 survivors (6144K)
 Metaspace       used 135163K, committed 136000K, reserved 1179648K
  class space    used 18261K, committed 18624K, reserved 1048576K
}
Event: 46.609 GC heap before
{Heap before GC invocations=66 (full 0):
 garbage-first heap   total 454656K, used 354836K [0x0000000080000000, 0x0000000100000000)
  region size 1024K, 59 young (60416K), 6 survivors (6144K)
 Metaspace       used 140569K, committed 141312K, reserved 1179648K
  class space    used 18979K, committed 19328K, reserved 1048576K
}
Event: 46.623 GC heap after
{Heap after GC invocations=67 (full 0):
 garbage-first heap   total 454656K, used 305122K [0x0000000080000000, 0x0000000100000000)
  region size 1024K, 9 young (9216K), 9 survivors (9216K)
 Metaspace       used 140569K, committed 141312K, reserved 1179648K
  class space    used 18979K, committed 19328K, reserved 1048576K
}
Event: 120.944 GC heap before
{Heap before GC invocations=68 (full 0):
 garbage-first heap   total 454656K, used 291810K [0x0000000080000000, 0x0000000100000000)
  region size 1024K, 80 young (81920K), 9 survivors (9216K)
 Metaspace       used 140983K, committed 141760K, reserved 1179648K
  class space    used 19036K, committed 19392K, reserved 1048576K
}
Event: 120.963 GC heap after
{Heap after GC invocations=69 (full 0):
 garbage-first heap   total 454656K, used 194913K [0x0000000080000000, 0x0000000100000000)
  region size 1024K, 8 young (8192K), 8 survivors (8192K)
 Metaspace       used 140983K, committed 141760K, reserved 1179648K
  class space    used 19036K, committed 19392K, reserved 1048576K
}
Event: 121.340 GC heap before
{Heap before GC invocations=69 (full 0):
 garbage-first heap   total 454656K, used 208225K [0x0000000080000000, 0x0000000100000000)
  region size 1024K, 22 young (22528K), 8 survivors (8192K)
 Metaspace       used 141162K, committed 142016K, reserved 1179648K
  class space    used 19041K, committed 19456K, reserved 1048576K
}
Event: 121.352 GC heap after
{Heap after GC invocations=70 (full 0):
 garbage-first heap   total 454656K, used 172963K [0x0000000080000000, 0x0000000100000000)
  region size 1024K, 2 young (2048K), 2 survivors (2048K)
 Metaspace       used 141162K, committed 142016K, reserved 1179648K
  class space    used 19041K, committed 19456K, reserved 1048576K
}
Event: 126.802 GC heap before
{Heap before GC invocations=70 (full 0):
 garbage-first heap   total 454656K, used 327587K [0x0000000080000000, 0x0000000100000000)
  region size 1024K, 155 young (158720K), 2 survivors (2048K)
 Metaspace       used 146269K, committed 147136K, reserved 1179648K
  class space    used 19673K, committed 20096K, reserved 1048576K
}
Event: 126.827 GC heap after
{Heap after GC invocations=71 (full 0):
 garbage-first heap   total 454656K, used 189906K [0x0000000080000000, 0x0000000100000000)
  region size 1024K, 19 young (19456K), 19 survivors (19456K)
 Metaspace       used 146269K, committed 147136K, reserved 1179648K
  class space    used 19673K, committed 20096K, reserved 1048576K
}
Event: 129.204 GC heap before
{Heap before GC invocations=72 (full 0):
 garbage-first heap   total 454656K, used 355794K [0x0000000080000000, 0x0000000100000000)
  region size 1024K, 181 young (185344K), 19 survivors (19456K)
 Metaspace       used 150762K, committed 151680K, reserved 1245184K
  class space    used 20078K, committed 20544K, reserved 1048576K
}
Event: 129.294 GC heap after
{Heap after GC invocations=73 (full 0):
 garbage-first heap   total 468992K, used 281511K [0x0000000080000000, 0x0000000100000000)
  region size 1024K, 23 young (23552K), 23 survivors (23552K)
 Metaspace       used 150762K, committed 151680K, reserved 1245184K
  class space    used 20078K, committed 20544K, reserved 1048576K
}
Event: 129.307 GC heap before
{Heap before GC invocations=73 (full 0):
 garbage-first heap   total 468992K, used 282535K [0x0000000080000000, 0x0000000100000000)
  region size 1024K, 24 young (24576K), 23 survivors (23552K)
 Metaspace       used 150762K, committed 151680K, reserved 1245184K
  class space    used 20078K, committed 20544K, reserved 1048576K
}
Event: 129.335 GC heap after
{Heap after GC invocations=74 (full 0):
 garbage-first heap   total 468992K, used 269056K [0x0000000080000000, 0x0000000100000000)
  region size 1024K, 3 young (3072K), 3 survivors (3072K)
 Metaspace       used 150762K, committed 151680K, reserved 1245184K
  class space    used 20078K, committed 20544K, reserved 1048576K
}
Event: 129.607 GC heap before
{Heap before GC invocations=74 (full 0):
 garbage-first heap   total 468992K, used 343808K [0x0000000080000000, 0x0000000100000000)
  region size 1024K, 76 young (77824K), 3 survivors (3072K)
 Metaspace       used 150792K, committed 151680K, reserved 1245184K
  class space    used 20078K, committed 20544K, reserved 1048576K
}
Event: 129.649 GC heap after
{Heap after GC invocations=75 (full 0):
 garbage-first heap   total 468992K, used 333824K [0x0000000080000000, 0x0000000100000000)
  region size 1024K, 10 young (10240K), 10 survivors (10240K)
 Metaspace       used 150792K, committed 151680K, reserved 1245184K
  class space    used 20078K, committed 20544K, reserved 1048576K
}
Event: 129.812 GC heap before
{Heap before GC invocations=75 (full 0):
 garbage-first heap   total 468992K, used 366592K [0x0000000080000000, 0x0000000100000000)
  region size 1024K, 42 young (43008K), 10 survivors (10240K)
 Metaspace       used 150839K, committed 151808K, reserved 1245184K
  class space    used 20080K, committed 20544K, reserved 1048576K
}
Event: 129.838 GC heap after
{Heap after GC invocations=76 (full 0):
 garbage-first heap   total 468992K, used 355840K [0x0000000080000000, 0x0000000100000000)
  region size 1024K, 6 young (6144K), 6 survivors (6144K)
 Metaspace       used 150839K, committed 151808K, reserved 1245184K
  class space    used 20080K, committed 20544K, reserved 1048576K
}

