# JRE version: OpenJDK Runtime Environment (17.0.8) (build 17.0.8+0--10699129)
# Java VM: OpenJDK 64-Bit Server VM (17.0.8+0--10699129, mixed mode, tiered, compressed oops, compressed class ptrs, g1 gc, windows-amd64)
GC Precious Log:
 CPUs: 8 total, 8 available
 Memory: 6091M
 Large Page Support: Disabled
 NUMA Support: Disabled
 Compressed Oops: Enabled (32-bit)
 Heap Region Size: 1M
 Heap Min Capacity: 8M
 Heap Initial Capacity: 96M
 Heap Max Capacity: 2G
 Pre-touch: Disabled
 Parallel Workers: 8
 Concurrent Workers: 2
 Concurrent Refinement Workers: 8
 Periodic GC: Disabled
Heap:
 garbage-first heap   total 387072K, used 313344K [0x0000000080000000, 0x0000000100000000)
  region size 1024K, 3 young (3072K), 3 survivors (3072K)
 Metaspace       used 116557K, committed 117312K, reserved 1179648K
  class space    used 15443K, committed 15808K, reserved 1048576K
GC Heap History (20 events):
Event: 35.033 GC heap after
{Heap after GC invocations=42 (full 0):
 garbage-first heap   total 224256K, used 132903K [0x0000000080000000, 0x0000000100000000)
  region size 1024K, 4 young (4096K), 4 survivors (4096K)
 Metaspace       used 110129K, committed 110848K, reserved 1179648K
  class space    used 14870K, committed 15232K, reserved 1048576K
}
Event: 36.363 GC heap before
{Heap before GC invocations=42 (full 0):
 garbage-first heap   total 224256K, used 190247K [0x0000000080000000, 0x0000000100000000)
  region size 1024K, 58 young (59392K), 4 survivors (4096K)
 Metaspace       used 110960K, committed 111680K, reserved 1179648K
  class space    used 14943K, committed 15296K, reserved 1048576K
}
Event: 36.380 GC heap after
{Heap after GC invocations=43 (full 0):
 garbage-first heap   total 224256K, used 150153K [0x0000000080000000, 0x0000000100000000)
  region size 1024K, 8 young (8192K), 8 survivors (8192K)
 Metaspace       used 110960K, committed 111680K, reserved 1179648K
  class space    used 14943K, committed 15296K, reserved 1048576K
}
Event: 37.497 GC heap before
{Heap before GC invocations=43 (full 0):
 garbage-first heap   total 224256K, used 187017K [0x0000000080000000, 0x0000000100000000)
  region size 1024K, 43 young (44032K), 8 survivors (8192K)
 Metaspace       used 114854K, committed 115648K, reserved 1179648K
  class space    used 15263K, committed 15680K, reserved 1048576K
}
Event: 37.517 GC heap after
{Heap after GC invocations=44 (full 0):
 garbage-first heap   total 224256K, used 164456K [0x0000000080000000, 0x0000000100000000)
  region size 1024K, 6 young (6144K), 6 survivors (6144K)
 Metaspace       used 114854K, committed 115648K, reserved 1179648K
  class space    used 15263K, committed 15680K, reserved 1048576K
}
Event: 37.840 GC heap before
{Heap before GC invocations=44 (full 0):
 garbage-first heap   total 224256K, used 181864K [0x0000000080000000, 0x0000000100000000)
  region size 1024K, 24 young (24576K), 6 survivors (6144K)
 Metaspace       used 115012K, committed 115776K, reserved 1179648K
  class space    used 15278K, committed 15680K, reserved 1048576K
}
Event: 37.857 GC heap after
{Heap after GC invocations=45 (full 0):
 garbage-first heap   total 224256K, used 183279K [0x0000000080000000, 0x0000000100000000)
  region size 1024K, 3 young (3072K), 3 survivors (3072K)
 Metaspace       used 115012K, committed 115776K, reserved 1179648K
  class space    used 15278K, committed 15680K, reserved 1048576K
}
Event: 37.918 GC heap before
{Heap before GC invocations=45 (full 0):
 garbage-first heap   total 224256K, used 190447K [0x0000000080000000, 0x0000000100000000)
  region size 1024K, 10 young (10240K), 3 survivors (3072K)
 Metaspace       used 115014K, committed 115776K, reserved 1179648K
  class space    used 15278K, committed 15680K, reserved 1048576K
}
Event: 37.933 GC heap after
{Heap after GC invocations=46 (full 0):
 garbage-first heap   total 224256K, used 190934K [0x0000000080000000, 0x0000000100000000)
  region size 1024K, 2 young (2048K), 2 survivors (2048K)
 Metaspace       used 115014K, committed 115776K, reserved 1179648K
  class space    used 15278K, committed 15680K, reserved 1048576K
}
Event: 37.979 GC heap before
{Heap before GC invocations=46 (full 0):
 garbage-first heap   total 224256K, used 199126K [0x0000000080000000, 0x0000000100000000)
  region size 1024K, 10 young (10240K), 2 survivors (2048K)
 Metaspace       used 115014K, committed 115776K, reserved 1179648K
  class space    used 15278K, committed 15680K, reserved 1048576K
}
Event: 37.992 GC heap after
{Heap after GC invocations=47 (full 0):
 garbage-first heap   total 387072K, used 200220K [0x0000000080000000, 0x0000000100000000)
  region size 1024K, 2 young (2048K), 2 survivors (2048K)
 Metaspace       used 115014K, committed 115776K, reserved 1179648K
  class space    used 15278K, committed 15680K, reserved 1048576K
}
Event: 38.910 GC heap before
{Heap before GC invocations=48 (full 0):
 garbage-first heap   total 387072K, used 251420K [0x0000000080000000, 0x0000000100000000)
  region size 1024K, 52 young (53248K), 2 survivors (2048K)
 Metaspace       used 116486K, committed 117248K, reserved 1179648K
  class space    used 15443K, committed 15808K, reserved 1048576K
}
Event: 38.933 GC heap after
{Heap after GC invocations=49 (full 0):
 garbage-first heap   total 387072K, used 232085K [0x0000000080000000, 0x0000000100000000)
  region size 1024K, 7 young (7168K), 7 survivors (7168K)
 Metaspace       used 116486K, committed 117248K, reserved 1179648K
  class space    used 15443K, committed 15808K, reserved 1048576K
}
Event: 38.971 GC heap before
{Heap before GC invocations=49 (full 0):
 garbage-first heap   total 387072K, used 243349K [0x0000000080000000, 0x0000000100000000)
  region size 1024K, 18 young (18432K), 7 survivors (7168K)
 Metaspace       used 116486K, committed 117248K, reserved 1179648K
  class space    used 15443K, committed 15808K, reserved 1048576K
}
Event: 38.992 GC heap after
{Heap after GC invocations=50 (full 0):
 garbage-first heap   total 387072K, used 242176K [0x0000000080000000, 0x0000000100000000)
  region size 1024K, 3 young (3072K), 3 survivors (3072K)
 Metaspace       used 116486K, committed 117248K, reserved 1179648K
  class space    used 15443K, committed 15808K, reserved 1048576K
}
Event: 39.137 GC heap before
{Heap before GC invocations=50 (full 0):
 garbage-first heap   total 387072K, used 279040K [0x0000000080000000, 0x0000000100000000)
  region size 1024K, 39 young (39936K), 3 survivors (3072K)
 Metaspace       used 116526K, committed 117248K, reserved 1179648K
  class space    used 15443K, committed 15808K, reserved 1048576K
}
Event: 39.163 GC heap after
{Heap after GC invocations=51 (full 0):
 garbage-first heap   total 387072K, used 268757K [0x0000000080000000, 0x0000000100000000)
  region size 1024K, 5 young (5120K), 5 survivors (5120K)
 Metaspace       used 116526K, committed 117248K, reserved 1179648K
  class space    used 15443K, committed 15808K, reserved 1048576K
}
Event: 39.328 GC heap before
{Heap before GC invocations=51 (full 0):
 garbage-first heap   total 387072K, used 294357K [0x0000000080000000, 0x0000000100000000)
  region size 1024K, 30 young (30720K), 5 survivors (5120K)
 Metaspace       used 116557K, committed 117312K, reserved 1179648K
  class space    used 15443K, committed 15808K, reserved 1048576K
}
Event: 39.348 GC heap after
{Heap after GC invocations=52 (full 0):
 garbage-first heap   total 387072K, used 294912K [0x0000000080000000, 0x0000000100000000)
  region size 1024K, 4 young (4096K), 4 survivors (4096K)
 Metaspace       used 116557K, committed 117312K, reserved 1179648K
  class space    used 15443K, committed 15808K, reserved 1048576K
}
Event: 39.399 GC heap before
{Heap before GC invocations=52 (full 0):
 garbage-first heap   total 387072K, used 311296K [0x0000000080000000, 0x0000000100000000)
  region size 1024K, 20 young (20480K), 4 survivors (4096K)
 Metaspace       used 116557K, committed 117312K, reserved 1179648K
  class space    used 15443K, committed 15808K, reserved 1048576K
}

