# JRE version: OpenJDK Runtime Environment (17.0.8) (build 17.0.8+0--10699129)
# Java VM: OpenJDK 64-Bit Server VM (17.0.8+0--10699129, mixed mode, tiered, compressed oops, compressed class ptrs, g1 gc, windows-amd64)
GC Precious Log:
 CPUs: 8 total, 8 available
 Memory: 6091M
 Large Page Support: Disabled
 NUMA Support: Disabled
 Compressed Oops: Enabled (32-bit)
 Heap Region Size: 1M
 Heap Min Capacity: 8M
 Heap Initial Capacity: 96M
 Heap Max Capacity: 2G
 Pre-touch: Disabled
 Parallel Workers: 8
 Concurrent Workers: 2
 Concurrent Refinement Workers: 8
 Periodic GC: Disabled
Heap:
 garbage-first heap   total 193536K, used 114157K [0x0000000080000000, 0x0000000100000000)
  region size 1024K, 13 young (13312K), 3 survivors (3072K)
 Metaspace       used 78672K, committed 79424K, reserved 1179648K
  class space    used 10594K, committed 10944K, reserved 1048576K
GC Heap History (20 events):
Event: 9.473 GC heap before
{Heap before GC invocations=31 (full 0):
 garbage-first heap   total 150528K, used 92830K [0x0000000080000000, 0x0000000100000000)
  region size 1024K, 7 young (7168K), 1 survivors (1024K)
 Metaspace       used 62423K, committed 63040K, reserved 1114112K
  class space    used 8500K, committed 8768K, reserved 1048576K
}
Event: 9.476 GC heap after
{Heap after GC invocations=32 (full 0):
 garbage-first heap   total 150528K, used 86744K [0x0000000080000000, 0x0000000100000000)
  region size 1024K, 1 young (1024K), 1 survivors (1024K)
 Metaspace       used 62423K, committed 63040K, reserved 1114112K
  class space    used 8500K, committed 8768K, reserved 1048576K
}
Event: 9.763 GC heap before
{Heap before GC invocations=32 (full 0):
 garbage-first heap   total 150528K, used 111320K [0x0000000080000000, 0x0000000100000000)
  region size 1024K, 26 young (26624K), 1 survivors (1024K)
 Metaspace       used 65176K, committed 65792K, reserved 1114112K
  class space    used 8794K, committed 9088K, reserved 1048576K
}
Event: 9.764 GC heap after
{Heap after GC invocations=33 (full 0):
 garbage-first heap   total 150528K, used 87094K [0x0000000080000000, 0x0000000100000000)
  region size 1024K, 1 young (1024K), 1 survivors (1024K)
 Metaspace       used 65176K, committed 65792K, reserved 1114112K
  class space    used 8794K, committed 9088K, reserved 1048576K
}
Event: 10.226 GC heap before
{Heap before GC invocations=34 (full 0):
 garbage-first heap   total 153600K, used 114742K [0x0000000080000000, 0x0000000100000000)
  region size 1024K, 28 young (28672K), 1 survivors (1024K)
 Metaspace       used 68511K, committed 69184K, reserved 1114112K
  class space    used 9242K, committed 9536K, reserved 1048576K
}
Event: 10.230 GC heap after
{Heap after GC invocations=35 (full 0):
 garbage-first heap   total 153600K, used 88357K [0x0000000080000000, 0x0000000100000000)
  region size 1024K, 2 young (2048K), 2 survivors (2048K)
 Metaspace       used 68511K, committed 69184K, reserved 1114112K
  class space    used 9242K, committed 9536K, reserved 1048576K
}
Event: 10.347 GC heap before
{Heap before GC invocations=35 (full 0):
 garbage-first heap   total 153600K, used 93477K [0x0000000080000000, 0x0000000100000000)
  region size 1024K, 7 young (7168K), 2 survivors (2048K)
 Metaspace       used 69182K, committed 69824K, reserved 1114112K
  class space    used 9340K, committed 9600K, reserved 1048576K
}
Event: 10.350 GC heap after
{Heap after GC invocations=36 (full 0):
 garbage-first heap   total 153600K, used 88584K [0x0000000080000000, 0x0000000100000000)
  region size 1024K, 1 young (1024K), 1 survivors (1024K)
 Metaspace       used 69182K, committed 69824K, reserved 1114112K
  class space    used 9340K, committed 9600K, reserved 1048576K
}
Event: 10.656 GC heap before
{Heap before GC invocations=36 (full 0):
 garbage-first heap   total 153600K, used 125448K [0x0000000080000000, 0x0000000100000000)
  region size 1024K, 31 young (31744K), 1 survivors (1024K)
 Metaspace       used 71396K, committed 72128K, reserved 1114112K
  class space    used 9629K, committed 9984K, reserved 1048576K
}
Event: 10.660 GC heap after
{Heap after GC invocations=37 (full 0):
 garbage-first heap   total 153600K, used 92459K [0x0000000080000000, 0x0000000100000000)
  region size 1024K, 4 young (4096K), 4 survivors (4096K)
 Metaspace       used 71396K, committed 72128K, reserved 1114112K
  class space    used 9629K, committed 9984K, reserved 1048576K
}
Event: 11.073 GC heap before
{Heap before GC invocations=38 (full 0):
 garbage-first heap   total 160768K, used 121131K [0x0000000080000000, 0x0000000100000000)
  region size 1024K, 32 young (32768K), 4 survivors (4096K)
 Metaspace       used 73538K, committed 74304K, reserved 1114112K
  class space    used 9903K, committed 10240K, reserved 1048576K
}
Event: 11.077 GC heap after
{Heap after GC invocations=39 (full 0):
 garbage-first heap   total 160768K, used 94514K [0x0000000080000000, 0x0000000100000000)
  region size 1024K, 2 young (2048K), 2 survivors (2048K)
 Metaspace       used 73538K, committed 74304K, reserved 1114112K
  class space    used 9903K, committed 10240K, reserved 1048576K
}
Event: 11.146 GC heap before
{Heap before GC invocations=39 (full 0):
 garbage-first heap   total 160768K, used 98610K [0x0000000080000000, 0x0000000100000000)
  region size 1024K, 7 young (7168K), 2 survivors (2048K)
 Metaspace       used 73874K, committed 74624K, reserved 1114112K
  class space    used 9952K, committed 10304K, reserved 1048576K
}
Event: 11.148 GC heap after
{Heap after GC invocations=40 (full 0):
 garbage-first heap   total 160768K, used 94772K [0x0000000080000000, 0x0000000100000000)
  region size 1024K, 1 young (1024K), 1 survivors (1024K)
 Metaspace       used 73874K, committed 74624K, reserved 1114112K
  class space    used 9952K, committed 10304K, reserved 1048576K
}
Event: 11.582 GC heap before
{Heap before GC invocations=40 (full 0):
 garbage-first heap   total 160768K, used 128564K [0x0000000080000000, 0x0000000100000000)
  region size 1024K, 34 young (34816K), 1 survivors (1024K)
 Metaspace       used 76519K, committed 77248K, reserved 1179648K
  class space    used 10316K, committed 10624K, reserved 1048576K
}
Event: 11.584 GC heap after
{Heap after GC invocations=41 (full 0):
 garbage-first heap   total 160768K, used 95858K [0x0000000080000000, 0x0000000100000000)
  region size 1024K, 2 young (2048K), 2 survivors (2048K)
 Metaspace       used 76519K, committed 77248K, reserved 1179648K
  class space    used 10316K, committed 10624K, reserved 1048576K
}
Event: 11.993 GC heap before
{Heap before GC invocations=41 (full 0):
 garbage-first heap   total 160768K, used 134770K [0x0000000080000000, 0x0000000100000000)
  region size 1024K, 36 young (36864K), 2 survivors (2048K)
 Metaspace       used 78234K, committed 78976K, reserved 1179648K
  class space    used 10535K, committed 10880K, reserved 1048576K
}
Event: 11.998 GC heap after
{Heap after GC invocations=42 (full 0):
 garbage-first heap   total 160768K, used 102456K [0x0000000080000000, 0x0000000100000000)
  region size 1024K, 5 young (5120K), 5 survivors (5120K)
 Metaspace       used 78234K, committed 78976K, reserved 1179648K
  class space    used 10535K, committed 10880K, reserved 1048576K
}
Event: 12.230 GC heap before
{Heap before GC invocations=42 (full 0):
 garbage-first heap   total 160768K, used 132152K [0x0000000080000000, 0x0000000100000000)
  region size 1024K, 34 young (34816K), 5 survivors (5120K)
 Metaspace       used 78366K, committed 79104K, reserved 1179648K
  class space    used 10554K, committed 10880K, reserved 1048576K
}
Event: 12.237 GC heap after
{Heap after GC invocations=43 (full 0):
 garbage-first heap   total 193536K, used 104941K [0x0000000080000000, 0x0000000100000000)
  region size 1024K, 3 young (3072K), 3 survivors (3072K)
 Metaspace       used 78366K, committed 79104K, reserved 1179648K
  class space    used 10554K, committed 10880K, reserved 1048576K
}

