# JRE version: OpenJDK Runtime Environment (17.0.8) (build 17.0.8+0--10699129)
# Java VM: OpenJDK 64-Bit Server VM (17.0.8+0--10699129, mixed mode, tiered, compressed oops, compressed class ptrs, g1 gc, windows-amd64)
GC Precious Log:
 CPUs: 8 total, 8 available
 Memory: 6091M
 Large Page Support: Disabled
 NUMA Support: Disabled
 Compressed Oops: Enabled (32-bit)
 Heap Region Size: 1M
 Heap Min Capacity: 8M
 Heap Initial Capacity: 96M
 Heap Max Capacity: 2G
 Pre-touch: Disabled
 Parallel Workers: 8
 Concurrent Workers: 2
 Concurrent Refinement Workers: 8
 Periodic GC: Disabled
Heap:
 garbage-first heap   total 435200K, used 355828K [0x0000000080000000, 0x0000000100000000)
  region size 1024K, 4 young (4096K), 4 survivors (4096K)
 Metaspace       used 114862K, committed 115648K, reserved 1179648K
  class space    used 15799K, committed 16192K, reserved 1048576K
GC Heap History (20 events):
Event: 18.795 GC heap after
{Heap after GC invocations=40 (full 0):
 garbage-first heap   total 208896K, used 116161K [0x0000000080000000, 0x0000000100000000)
  region size 1024K, 6 young (6144K), 6 survivors (6144K)
 Metaspace       used 98695K, committed 99392K, reserved 1179648K
  class space    used 13463K, committed 13824K, reserved 1048576K
}
Event: 19.193 GC heap before
{Heap before GC invocations=40 (full 0):
 garbage-first heap   total 208896K, used 169409K [0x0000000080000000, 0x0000000100000000)
  region size 1024K, 59 young (60416K), 6 survivors (6144K)
 Metaspace       used 99081K, committed 99776K, reserved 1179648K
  class space    used 13487K, committed 13824K, reserved 1048576K
}
Event: 19.199 GC heap after
{Heap after GC invocations=41 (full 0):
 garbage-first heap   total 208896K, used 119767K [0x0000000080000000, 0x0000000100000000)
  region size 1024K, 5 young (5120K), 5 survivors (5120K)
 Metaspace       used 99081K, committed 99776K, reserved 1179648K
  class space    used 13487K, committed 13824K, reserved 1048576K
}
Event: 19.562 GC heap before
{Heap before GC invocations=41 (full 0):
 garbage-first heap   total 208896K, used 170967K [0x0000000080000000, 0x0000000100000000)
  region size 1024K, 56 young (57344K), 5 survivors (5120K)
 Metaspace       used 99378K, committed 100160K, reserved 1179648K
  class space    used 13536K, committed 13888K, reserved 1048576K
}
Event: 19.571 GC heap after
{Heap after GC invocations=42 (full 0):
 garbage-first heap   total 208896K, used 122744K [0x0000000080000000, 0x0000000100000000)
  region size 1024K, 5 young (5120K), 5 survivors (5120K)
 Metaspace       used 99378K, committed 100160K, reserved 1179648K
  class space    used 13536K, committed 13888K, reserved 1048576K
}
Event: 20.692 GC heap before
{Heap before GC invocations=42 (full 0):
 garbage-first heap   total 208896K, used 171896K [0x0000000080000000, 0x0000000100000000)
  region size 1024K, 54 young (55296K), 5 survivors (5120K)
 Metaspace       used 103544K, committed 104256K, reserved 1179648K
  class space    used 14060K, committed 14400K, reserved 1048576K
}
Event: 20.699 GC heap after
{Heap after GC invocations=43 (full 0):
 garbage-first heap   total 417792K, used 124267K [0x0000000080000000, 0x0000000100000000)
  region size 1024K, 2 young (2048K), 2 survivors (2048K)
 Metaspace       used 103544K, committed 104256K, reserved 1179648K
  class space    used 14060K, committed 14400K, reserved 1048576K
}
Event: 22.391 GC heap before
{Heap before GC invocations=43 (full 0):
 garbage-first heap   total 417792K, used 335211K [0x0000000080000000, 0x0000000100000000)
  region size 1024K, 191 young (195584K), 2 survivors (2048K)
 Metaspace       used 107012K, committed 107776K, reserved 1179648K
  class space    used 14521K, committed 14848K, reserved 1048576K
}
Event: 22.406 GC heap after
{Heap after GC invocations=44 (full 0):
 garbage-first heap   total 417792K, used 163331K [0x0000000080000000, 0x0000000100000000)
  region size 1024K, 22 young (22528K), 22 survivors (22528K)
 Metaspace       used 107012K, committed 107776K, reserved 1179648K
  class space    used 14521K, committed 14848K, reserved 1048576K
}
Event: 23.216 GC heap before
{Heap before GC invocations=44 (full 0):
 garbage-first heap   total 417792K, used 312835K [0x0000000080000000, 0x0000000100000000)
  region size 1024K, 112 young (114688K), 22 survivors (22528K)
 Metaspace       used 110988K, committed 111680K, reserved 1179648K
  class space    used 15090K, committed 15424K, reserved 1048576K
}
Event: 23.233 GC heap after
{Heap after GC invocations=45 (full 0):
 garbage-first heap   total 417792K, used 211759K [0x0000000080000000, 0x0000000100000000)
  region size 1024K, 18 young (18432K), 18 survivors (18432K)
 Metaspace       used 110988K, committed 111680K, reserved 1179648K
  class space    used 15090K, committed 15424K, reserved 1048576K
}
Event: 23.946 GC heap before
{Heap before GC invocations=45 (full 0):
 garbage-first heap   total 417792K, used 374575K [0x0000000080000000, 0x0000000100000000)
  region size 1024K, 129 young (132096K), 18 survivors (18432K)
 Metaspace       used 111312K, committed 112064K, reserved 1179648K
  class space    used 15134K, committed 15488K, reserved 1048576K
}
Event: 24.001 GC heap after
{Heap after GC invocations=46 (full 0):
 garbage-first heap   total 435200K, used 273842K [0x0000000080000000, 0x0000000100000000)
  region size 1024K, 17 young (17408K), 17 survivors (17408K)
 Metaspace       used 111312K, committed 112064K, reserved 1179648K
  class space    used 15134K, committed 15488K, reserved 1048576K
}
Event: 24.576 GC heap before
{Heap before GC invocations=46 (full 0):
 garbage-first heap   total 435200K, used 345522K [0x0000000080000000, 0x0000000100000000)
  region size 1024K, 88 young (90112K), 17 survivors (17408K)
 Metaspace       used 114240K, committed 115008K, reserved 1179648K
  class space    used 15746K, committed 16128K, reserved 1048576K
}
Event: 24.629 GC heap after
{Heap after GC invocations=47 (full 0):
 garbage-first heap   total 435200K, used 297984K [0x0000000080000000, 0x0000000100000000)
  region size 1024K, 11 young (11264K), 11 survivors (11264K)
 Metaspace       used 114240K, committed 115008K, reserved 1179648K
  class space    used 15746K, committed 16128K, reserved 1048576K
}
Event: 24.824 GC heap before
{Heap before GC invocations=47 (full 0):
 garbage-first heap   total 435200K, used 351232K [0x0000000080000000, 0x0000000100000000)
  region size 1024K, 64 young (65536K), 11 survivors (11264K)
 Metaspace       used 114660K, committed 115456K, reserved 1179648K
  class space    used 15779K, committed 16192K, reserved 1048576K
}
Event: 24.866 GC heap after
{Heap after GC invocations=48 (full 0):
 garbage-first heap   total 435200K, used 325632K [0x0000000080000000, 0x0000000100000000)
  region size 1024K, 8 young (8192K), 8 survivors (8192K)
 Metaspace       used 114660K, committed 115456K, reserved 1179648K
  class space    used 15779K, committed 16192K, reserved 1048576K
}
Event: 24.948 GC heap before
{Heap before GC invocations=48 (full 0):
 garbage-first heap   total 435200K, used 358400K [0x0000000080000000, 0x0000000100000000)
  region size 1024K, 41 young (41984K), 8 survivors (8192K)
 Metaspace       used 114822K, committed 115584K, reserved 1179648K
  class space    used 15795K, committed 16192K, reserved 1048576K
}
Event: 24.972 GC heap after
{Heap after GC invocations=49 (full 0):
 garbage-first heap   total 435200K, used 343040K [0x0000000080000000, 0x0000000100000000)
  region size 1024K, 6 young (6144K), 6 survivors (6144K)
 Metaspace       used 114822K, committed 115584K, reserved 1179648K
  class space    used 15795K, committed 16192K, reserved 1048576K
}
Event: 25.024 GC heap before
{Heap before GC invocations=49 (full 0):
 garbage-first heap   total 435200K, used 366592K [0x0000000080000000, 0x0000000100000000)
  region size 1024K, 29 young (29696K), 6 survivors (6144K)
 Metaspace       used 114862K, committed 115648K, reserved 1179648K
  class space    used 15799K, committed 16192K, reserved 1048576K
}

