# JRE version: OpenJDK Runtime Environment (17.0.8) (build 17.0.8+0--10699129)
# Java VM: OpenJDK 64-Bit Server VM (17.0.8+0--10699129, mixed mode, tiered, compressed oops, compressed class ptrs, g1 gc, windows-amd64)
GC Precious Log:
 CPUs: 8 total, 8 available
 Memory: 6091M
 Large Page Support: Disabled
 NUMA Support: Disabled
 Compressed Oops: Enabled (32-bit)
 Heap Region Size: 1M
 Heap Min Capacity: 8M
 Heap Initial Capacity: 96M
 Heap Max Capacity: 2G
 Pre-touch: Disabled
 Parallel Workers: 8
 Concurrent Workers: 2
 Concurrent Refinement Workers: 8
 Periodic GC: Disabled
Heap:
 garbage-first heap   total 203776K, used 142883K [0x0000000080000000, 0x0000000100000000)
  region size 1024K, 9 young (9216K), 4 survivors (4096K)
 Metaspace       used 100190K, committed 101120K, reserved 1179648K
  class space    used 13367K, committed 13824K, reserved 1048576K
GC Heap History (20 events):
Event: 11.799 GC heap before
{Heap before GC invocations=43 (full 0):
 garbage-first heap   total 167936K, used 135058K [0x0000000080000000, 0x0000000100000000)
  region size 1024K, 46 young (47104K), 6 survivors (6144K)
 Metaspace       used 78577K, committed 79232K, reserved 1179648K
  class space    used 10539K, committed 10816K, reserved 1048576K
}
Event: 11.806 GC heap after
{Heap after GC invocations=44 (full 0):
 garbage-first heap   total 201728K, used 97022K [0x0000000080000000, 0x0000000100000000)
  region size 1024K, 3 young (3072K), 3 survivors (3072K)
 Metaspace       used 78577K, committed 79232K, reserved 1179648K
  class space    used 10539K, committed 10816K, reserved 1048576K
}
Event: 11.970 GC heap before
{Heap before GC invocations=45 (full 0):
 garbage-first heap   total 201728K, used 108286K [0x0000000080000000, 0x0000000100000000)
  region size 1024K, 15 young (15360K), 3 survivors (3072K)
 Metaspace       used 79402K, committed 80064K, reserved 1179648K
  class space    used 10649K, committed 10944K, reserved 1048576K
}
Event: 11.976 GC heap after
{Heap after GC invocations=46 (full 0):
 garbage-first heap   total 201728K, used 97731K [0x0000000080000000, 0x0000000100000000)
  region size 1024K, 4 young (4096K), 4 survivors (4096K)
 Metaspace       used 79402K, committed 80064K, reserved 1179648K
  class space    used 10649K, committed 10944K, reserved 1048576K
}
Event: 12.765 GC heap before
{Heap before GC invocations=47 (full 0):
 garbage-first heap   total 201728K, used 158147K [0x0000000080000000, 0x0000000100000000)
  region size 1024K, 62 young (63488K), 4 survivors (4096K)
 Metaspace       used 83581K, committed 84224K, reserved 1179648K
  class space    used 11429K, committed 11712K, reserved 1048576K
}
Event: 12.769 GC heap after
{Heap after GC invocations=48 (full 0):
 garbage-first heap   total 201728K, used 99149K [0x0000000080000000, 0x0000000100000000)
  region size 1024K, 5 young (5120K), 5 survivors (5120K)
 Metaspace       used 83581K, committed 84224K, reserved 1179648K
  class space    used 11429K, committed 11712K, reserved 1048576K
}
Event: 47.822 GC heap before
{Heap before GC invocations=48 (full 0):
 garbage-first heap   total 201728K, used 167757K [0x0000000080000000, 0x0000000100000000)
  region size 1024K, 72 young (73728K), 5 survivors (5120K)
 Metaspace       used 88265K, committed 88960K, reserved 1179648K
  class space    used 12083K, committed 12416K, reserved 1048576K
}
Event: 47.831 GC heap after
{Heap after GC invocations=49 (full 0):
 garbage-first heap   total 201728K, used 105370K [0x0000000080000000, 0x0000000100000000)
  region size 1024K, 9 young (9216K), 9 survivors (9216K)
 Metaspace       used 88265K, committed 88960K, reserved 1179648K
  class space    used 12083K, committed 12416K, reserved 1048576K
}
Event: 48.774 GC heap before
{Heap before GC invocations=50 (full 0):
 garbage-first heap   total 201728K, used 169882K [0x0000000080000000, 0x0000000100000000)
  region size 1024K, 68 young (69632K), 9 survivors (9216K)
 Metaspace       used 91137K, committed 91904K, reserved 1179648K
  class space    used 12312K, committed 12672K, reserved 1048576K
}
Event: 48.788 GC heap after
{Heap after GC invocations=51 (full 0):
 garbage-first heap   total 201728K, used 113383K [0x0000000080000000, 0x0000000100000000)
  region size 1024K, 9 young (9216K), 9 survivors (9216K)
 Metaspace       used 91137K, committed 91904K, reserved 1179648K
  class space    used 12312K, committed 12672K, reserved 1048576K
}
Event: 48.809 GC heap before
{Heap before GC invocations=51 (full 0):
 garbage-first heap   total 201728K, used 114407K [0x0000000080000000, 0x0000000100000000)
  region size 1024K, 10 young (10240K), 9 survivors (9216K)
 Metaspace       used 91227K, committed 91968K, reserved 1179648K
  class space    used 12321K, committed 12672K, reserved 1048576K
}
Event: 48.815 GC heap after
{Heap after GC invocations=52 (full 0):
 garbage-first heap   total 201728K, used 114495K [0x0000000080000000, 0x0000000100000000)
  region size 1024K, 2 young (2048K), 2 survivors (2048K)
 Metaspace       used 91227K, committed 91968K, reserved 1179648K
  class space    used 12321K, committed 12672K, reserved 1048576K
}
Event: 55.165 GC heap before
{Heap before GC invocations=52 (full 0):
 garbage-first heap   total 201728K, used 163647K [0x0000000080000000, 0x0000000100000000)
  region size 1024K, 51 young (52224K), 2 survivors (2048K)
 Metaspace       used 96733K, committed 97536K, reserved 1179648K
  class space    used 12904K, committed 13312K, reserved 1048576K
}
Event: 55.168 GC heap after
{Heap after GC invocations=53 (full 0):
 garbage-first heap   total 201728K, used 115599K [0x0000000080000000, 0x0000000100000000)
  region size 1024K, 3 young (3072K), 3 survivors (3072K)
 Metaspace       used 96733K, committed 97536K, reserved 1179648K
  class space    used 12904K, committed 13312K, reserved 1048576K
}
Event: 55.932 GC heap before
{Heap before GC invocations=54 (full 0):
 garbage-first heap   total 203776K, used 168847K [0x0000000080000000, 0x0000000100000000)
  region size 1024K, 52 young (53248K), 3 survivors (3072K)
 Metaspace       used 98677K, committed 99584K, reserved 1179648K
  class space    used 13183K, committed 13632K, reserved 1048576K
}
Event: 55.942 GC heap after
{Heap after GC invocations=55 (full 0):
 garbage-first heap   total 203776K, used 126451K [0x0000000080000000, 0x0000000100000000)
  region size 1024K, 7 young (7168K), 7 survivors (7168K)
 Metaspace       used 98677K, committed 99584K, reserved 1179648K
  class space    used 13183K, committed 13632K, reserved 1048576K
}
Event: 55.950 GC heap before
{Heap before GC invocations=55 (full 0):
 garbage-first heap   total 203776K, used 127475K [0x0000000080000000, 0x0000000100000000)
  region size 1024K, 9 young (9216K), 7 survivors (7168K)
 Metaspace       used 98683K, committed 99584K, reserved 1179648K
  class space    used 13183K, committed 13632K, reserved 1048576K
}
Event: 55.957 GC heap after
{Heap after GC invocations=56 (full 0):
 garbage-first heap   total 203776K, used 126047K [0x0000000080000000, 0x0000000100000000)
  region size 1024K, 1 young (1024K), 1 survivors (1024K)
 Metaspace       used 98683K, committed 99584K, reserved 1179648K
  class space    used 13183K, committed 13632K, reserved 1048576K
}
Event: 56.363 GC heap before
{Heap before GC invocations=56 (full 0):
 garbage-first heap   total 203776K, used 149599K [0x0000000080000000, 0x0000000100000000)
  region size 1024K, 25 young (25600K), 1 survivors (1024K)
 Metaspace       used 100075K, committed 100992K, reserved 1179648K
  class space    used 13348K, committed 13824K, reserved 1048576K
}
Event: 56.368 GC heap after
{Heap after GC invocations=57 (full 0):
 garbage-first heap   total 203776K, used 128547K [0x0000000080000000, 0x0000000100000000)
  region size 1024K, 4 young (4096K), 4 survivors (4096K)
 Metaspace       used 100075K, committed 100992K, reserved 1179648K
  class space    used 13348K, committed 13824K, reserved 1048576K
}

