# JRE version: OpenJDK Runtime Environment (17.0.8) (build 17.0.8+0--10699129)
# Java VM: OpenJDK 64-Bit Server VM (17.0.8+0--10699129, mixed mode, tiered, compressed oops, compressed class ptrs, g1 gc, windows-amd64)
GC Precious Log:
 CPUs: 8 total, 8 available
 Memory: 6091M
 Large Page Support: Disabled
 NUMA Support: Disabled
 Compressed Oops: Enabled (32-bit)
 Heap Region Size: 1M
 Heap Min Capacity: 8M
 Heap Initial Capacity: 96M
 Heap Max Capacity: 2G
 Pre-touch: Disabled
 Parallel Workers: 8
 Concurrent Workers: 2
 Concurrent Refinement Workers: 8
 Periodic GC: Disabled
Heap:
 garbage-first heap   total 188416K, used 146878K [0x0000000080000000, 0x0000000100000000)
  region size 1024K, 44 young (45056K), 5 survivors (5120K)
 Metaspace       used 86986K, committed 87744K, reserved 1179648K
  class space    used 11938K, committed 12288K, reserved 1048576K
GC Heap History (20 events):
Event: 10.298 GC heap before
{Heap before GC invocations=38 (full 0):
 garbage-first heap   total 186368K, used 129088K [0x0000000080000000, 0x0000000100000000)
  region size 1024K, 43 young (44032K), 2 survivors (2048K)
 Metaspace       used 69046K, committed 69696K, reserved 1114112K
  class space    used 9315K, committed 9600K, reserved 1048576K
}
Event: 10.302 GC heap after
{Heap after GC invocations=39 (full 0):
 garbage-first heap   total 186368K, used 88818K [0x0000000080000000, 0x0000000100000000)
  region size 1024K, 3 young (3072K), 3 survivors (3072K)
 Metaspace       used 69046K, committed 69696K, reserved 1114112K
  class space    used 9315K, committed 9600K, reserved 1048576K
}
Event: 10.439 GC heap before
{Heap before GC invocations=39 (full 0):
 garbage-first heap   total 186368K, used 93938K [0x0000000080000000, 0x0000000100000000)
  region size 1024K, 9 young (9216K), 3 survivors (3072K)
 Metaspace       used 69501K, committed 70208K, reserved 1114112K
  class space    used 9385K, committed 9664K, reserved 1048576K
}
Event: 10.443 GC heap after
{Heap after GC invocations=40 (full 0):
 garbage-first heap   total 186368K, used 89262K [0x0000000080000000, 0x0000000100000000)
  region size 1024K, 1 young (1024K), 1 survivors (1024K)
 Metaspace       used 69501K, committed 70208K, reserved 1114112K
  class space    used 9385K, committed 9664K, reserved 1048576K
}
Event: 10.665 GC heap before
{Heap before GC invocations=40 (full 0):
 garbage-first heap   total 186368K, used 93358K [0x0000000080000000, 0x0000000100000000)
  region size 1024K, 6 young (6144K), 1 survivors (1024K)
 Metaspace       used 70810K, committed 71552K, reserved 1114112K
  class space    used 9527K, committed 9856K, reserved 1048576K
}
Event: 10.667 GC heap after
{Heap after GC invocations=41 (full 0):
 garbage-first heap   total 186368K, used 90087K [0x0000000080000000, 0x0000000100000000)
  region size 1024K, 2 young (2048K), 2 survivors (2048K)
 Metaspace       used 70810K, committed 71552K, reserved 1114112K
  class space    used 9527K, committed 9856K, reserved 1048576K
}
Event: 11.487 GC heap before
{Heap before GC invocations=42 (full 0):
 garbage-first heap   total 186368K, used 143335K [0x0000000080000000, 0x0000000100000000)
  region size 1024K, 49 young (50176K), 2 survivors (2048K)
 Metaspace       used 73404K, committed 74112K, reserved 1114112K
  class space    used 9884K, committed 10176K, reserved 1048576K
}
Event: 11.491 GC heap after
{Heap after GC invocations=43 (full 0):
 garbage-first heap   total 186368K, used 94286K [0x0000000080000000, 0x0000000100000000)
  region size 1024K, 6 young (6144K), 6 survivors (6144K)
 Metaspace       used 73404K, committed 74112K, reserved 1114112K
  class space    used 9884K, committed 10176K, reserved 1048576K
}
Event: 11.532 GC heap before
{Heap before GC invocations=43 (full 0):
 garbage-first heap   total 186368K, used 97358K [0x0000000080000000, 0x0000000100000000)
  region size 1024K, 9 young (9216K), 6 survivors (6144K)
 Metaspace       used 73551K, committed 74240K, reserved 1114112K
  class space    used 9906K, committed 10176K, reserved 1048576K
}
Event: 11.536 GC heap after
{Heap after GC invocations=44 (full 0):
 garbage-first heap   total 186368K, used 94605K [0x0000000080000000, 0x0000000100000000)
  region size 1024K, 1 young (1024K), 1 survivors (1024K)
 Metaspace       used 73551K, committed 74240K, reserved 1114112K
  class space    used 9906K, committed 10176K, reserved 1048576K
}
Event: 12.309 GC heap before
{Heap before GC invocations=44 (full 0):
 garbage-first heap   total 186368K, used 140685K [0x0000000080000000, 0x0000000100000000)
  region size 1024K, 46 young (47104K), 1 survivors (1024K)
 Metaspace       used 77083K, committed 77824K, reserved 1179648K
  class space    used 10394K, committed 10752K, reserved 1048576K
}
Event: 12.312 GC heap after
{Heap after GC invocations=45 (full 0):
 garbage-first heap   total 186368K, used 95892K [0x0000000080000000, 0x0000000100000000)
  region size 1024K, 3 young (3072K), 3 survivors (3072K)
 Metaspace       used 77083K, committed 77824K, reserved 1179648K
  class space    used 10394K, committed 10752K, reserved 1048576K
}
Event: 12.797 GC heap before
{Heap before GC invocations=46 (full 0):
 garbage-first heap   total 186368K, used 147092K [0x0000000080000000, 0x0000000100000000)
  region size 1024K, 49 young (50176K), 3 survivors (3072K)
 Metaspace       used 78281K, committed 79040K, reserved 1179648K
  class space    used 10544K, committed 10880K, reserved 1048576K
}
Event: 12.803 GC heap after
{Heap after GC invocations=47 (full 0):
 garbage-first heap   total 186368K, used 103492K [0x0000000080000000, 0x0000000100000000)
  region size 1024K, 6 young (6144K), 6 survivors (6144K)
 Metaspace       used 78281K, committed 79040K, reserved 1179648K
  class space    used 10544K, committed 10880K, reserved 1048576K
}
Event: 13.478 GC heap before
{Heap before GC invocations=47 (full 0):
 garbage-first heap   total 186368K, used 148548K [0x0000000080000000, 0x0000000100000000)
  region size 1024K, 50 young (51200K), 6 survivors (6144K)
 Metaspace       used 80634K, committed 81408K, reserved 1179648K
  class space    used 10863K, committed 11200K, reserved 1048576K
}
Event: 13.486 GC heap after
{Heap after GC invocations=48 (full 0):
 garbage-first heap   total 186368K, used 106338K [0x0000000080000000, 0x0000000100000000)
  region size 1024K, 7 young (7168K), 7 survivors (7168K)
 Metaspace       used 80634K, committed 81408K, reserved 1179648K
  class space    used 10863K, committed 11200K, reserved 1048576K
}
Event: 13.647 GC heap before
{Heap before GC invocations=49 (full 0):
 garbage-first heap   total 186368K, used 113506K [0x0000000080000000, 0x0000000100000000)
  region size 1024K, 15 young (15360K), 7 survivors (7168K)
 Metaspace       used 81184K, committed 81920K, reserved 1179648K
  class space    used 10940K, committed 11264K, reserved 1048576K
}
Event: 13.653 GC heap after
{Heap after GC invocations=50 (full 0):
 garbage-first heap   total 186368K, used 107347K [0x0000000080000000, 0x0000000100000000)
  region size 1024K, 4 young (4096K), 4 survivors (4096K)
 Metaspace       used 81184K, committed 81920K, reserved 1179648K
  class space    used 10940K, committed 11264K, reserved 1048576K
}
Event: 14.387 GC heap before
{Heap before GC invocations=51 (full 0):
 garbage-first heap   total 188416K, used 154451K [0x0000000080000000, 0x0000000100000000)
  region size 1024K, 49 young (50176K), 4 survivors (4096K)
 Metaspace       used 84334K, committed 85120K, reserved 1179648K
  class space    used 11564K, committed 11904K, reserved 1048576K
}
Event: 14.393 GC heap after
{Heap after GC invocations=52 (full 0):
 garbage-first heap   total 188416K, used 107966K [0x0000000080000000, 0x0000000100000000)
  region size 1024K, 5 young (5120K), 5 survivors (5120K)
 Metaspace       used 84334K, committed 85120K, reserved 1179648K
  class space    used 11564K, committed 11904K, reserved 1048576K
}

