# JRE version: OpenJDK Runtime Environment (17.0.8) (build 17.0.8+0--10699129)
# Java VM: OpenJDK 64-Bit Server VM (17.0.8+0--10699129, mixed mode, tiered, compressed oops, compressed class ptrs, g1 gc, windows-amd64)
GC Precious Log:
 CPUs: 8 total, 8 available
 Memory: 6091M
 Large Page Support: Disabled
 NUMA Support: Disabled
 Compressed Oops: Enabled (32-bit)
 Heap Region Size: 1M
 Heap Min Capacity: 8M
 Heap Initial Capacity: 96M
 Heap Max Capacity: 2G
 Pre-touch: Disabled
 Parallel Workers: 8
 Concurrent Workers: 2
 Concurrent Refinement Workers: 8
 Periodic GC: Disabled
Heap:
 garbage-first heap   total 219136K, used 139190K [0x0000000080000000, 0x0000000100000000)
  region size 1024K, 16 young (16384K), 1 survivors (1024K)
 Metaspace       used 91705K, committed 92544K, reserved 1179648K
  class space    used 12496K, committed 12928K, reserved 1048576K
GC Heap History (20 events):
Event: 13.898 GC heap before
{Heap before GC invocations=41 (full 0):
 garbage-first heap   total 184320K, used 111046K [0x0000000080000000, 0x0000000100000000)
  region size 1024K, 24 young (24576K), 1 survivors (1024K)
 Metaspace       used 70920K, committed 71616K, reserved 1114112K
  class space    used 9534K, committed 9856K, reserved 1048576K
}
Event: 13.902 GC heap after
{Heap after GC invocations=42 (full 0):
 garbage-first heap   total 184320K, used 90647K [0x0000000080000000, 0x0000000100000000)
  region size 1024K, 3 young (3072K), 3 survivors (3072K)
 Metaspace       used 70920K, committed 71616K, reserved 1114112K
  class space    used 9534K, committed 9856K, reserved 1048576K
}
Event: 14.550 GC heap before
{Heap before GC invocations=43 (full 0):
 garbage-first heap   total 184320K, used 143895K [0x0000000080000000, 0x0000000100000000)
  region size 1024K, 49 young (50176K), 3 survivors (3072K)
 Metaspace       used 73440K, committed 74112K, reserved 1114112K
  class space    used 9879K, committed 10176K, reserved 1048576K
}
Event: 14.555 GC heap after
{Heap after GC invocations=44 (full 0):
 garbage-first heap   total 184320K, used 94373K [0x0000000080000000, 0x0000000100000000)
  region size 1024K, 7 young (7168K), 7 survivors (7168K)
 Metaspace       used 73440K, committed 74112K, reserved 1114112K
  class space    used 9879K, committed 10176K, reserved 1048576K
}
Event: 15.390 GC heap before
{Heap before GC invocations=44 (full 0):
 garbage-first heap   total 184320K, used 139429K [0x0000000080000000, 0x0000000100000000)
  region size 1024K, 51 young (52224K), 7 survivors (7168K)
 Metaspace       used 76839K, committed 77632K, reserved 1179648K
  class space    used 10345K, committed 10752K, reserved 1048576K
}
Event: 15.398 GC heap after
{Heap after GC invocations=45 (full 0):
 garbage-first heap   total 184320K, used 96361K [0x0000000080000000, 0x0000000100000000)
  region size 1024K, 2 young (2048K), 2 survivors (2048K)
 Metaspace       used 76839K, committed 77632K, reserved 1179648K
  class space    used 10345K, committed 10752K, reserved 1048576K
}
Event: 15.504 GC heap before
{Heap before GC invocations=46 (full 0):
 garbage-first heap   total 184320K, used 102505K [0x0000000080000000, 0x0000000100000000)
  region size 1024K, 9 young (9216K), 2 survivors (2048K)
 Metaspace       used 77221K, committed 77952K, reserved 1179648K
  class space    used 10397K, committed 10752K, reserved 1048576K
}
Event: 15.507 GC heap after
{Heap after GC invocations=47 (full 0):
 garbage-first heap   total 184320K, used 96484K [0x0000000080000000, 0x0000000100000000)
  region size 1024K, 3 young (3072K), 3 survivors (3072K)
 Metaspace       used 77221K, committed 77952K, reserved 1179648K
  class space    used 10397K, committed 10752K, reserved 1048576K
}
Event: 16.063 GC heap before
{Heap before GC invocations=48 (full 0):
 garbage-first heap   total 184320K, used 149732K [0x0000000080000000, 0x0000000100000000)
  region size 1024K, 51 young (52224K), 3 survivors (3072K)
 Metaspace       used 78392K, committed 79168K, reserved 1179648K
  class space    used 10543K, committed 10944K, reserved 1048576K
}
Event: 16.069 GC heap after
{Heap after GC invocations=49 (full 0):
 garbage-first heap   total 184320K, used 104259K [0x0000000080000000, 0x0000000100000000)
  region size 1024K, 6 young (6144K), 6 survivors (6144K)
 Metaspace       used 78392K, committed 79168K, reserved 1179648K
  class space    used 10543K, committed 10944K, reserved 1048576K
}
Event: 16.674 GC heap before
{Heap before GC invocations=49 (full 0):
 garbage-first heap   total 184320K, used 150339K [0x0000000080000000, 0x0000000100000000)
  region size 1024K, 51 young (52224K), 6 survivors (6144K)
 Metaspace       used 80985K, committed 81728K, reserved 1179648K
  class space    used 10902K, committed 11264K, reserved 1048576K
}
Event: 16.681 GC heap after
{Heap after GC invocations=50 (full 0):
 garbage-first heap   total 184320K, used 107149K [0x0000000080000000, 0x0000000100000000)
  region size 1024K, 3 young (3072K), 3 survivors (3072K)
 Metaspace       used 80985K, committed 81728K, reserved 1179648K
  class space    used 10902K, committed 11264K, reserved 1048576K
}
Event: 17.408 GC heap before
{Heap before GC invocations=51 (full 0):
 garbage-first heap   total 186368K, used 153229K [0x0000000080000000, 0x0000000100000000)
  region size 1024K, 47 young (48128K), 3 survivors (3072K)
 Metaspace       used 84053K, committed 84864K, reserved 1179648K
  class space    used 11501K, committed 11904K, reserved 1048576K
}
Event: 17.412 GC heap after
{Heap after GC invocations=52 (full 0):
 garbage-first heap   total 186368K, used 108268K [0x0000000080000000, 0x0000000100000000)
  region size 1024K, 5 young (5120K), 5 survivors (5120K)
 Metaspace       used 84053K, committed 84864K, reserved 1179648K
  class space    used 11501K, committed 11904K, reserved 1048576K
}
Event: 18.101 GC heap before
{Heap before GC invocations=52 (full 0):
 garbage-first heap   total 186368K, used 154348K [0x0000000080000000, 0x0000000100000000)
  region size 1024K, 50 young (51200K), 5 survivors (5120K)
 Metaspace       used 87226K, committed 88000K, reserved 1179648K
  class space    used 11964K, committed 12352K, reserved 1048576K
}
Event: 18.107 GC heap after
{Heap after GC invocations=53 (full 0):
 garbage-first heap   total 186368K, used 110351K [0x0000000080000000, 0x0000000100000000)
  region size 1024K, 4 young (4096K), 4 survivors (4096K)
 Metaspace       used 87226K, committed 88000K, reserved 1179648K
  class space    used 11964K, committed 12352K, reserved 1048576K
}
Event: 18.419 GC heap before
{Heap before GC invocations=54 (full 0):
 garbage-first heap   total 193536K, used 129807K [0x0000000080000000, 0x0000000100000000)
  region size 1024K, 25 young (25600K), 4 survivors (4096K)
 Metaspace       used 88389K, committed 89216K, reserved 1179648K
  class space    used 12086K, committed 12480K, reserved 1048576K
}
Event: 18.428 GC heap after
{Heap after GC invocations=55 (full 0):
 garbage-first heap   total 193536K, used 114152K [0x0000000080000000, 0x0000000100000000)
  region size 1024K, 6 young (6144K), 6 survivors (6144K)
 Metaspace       used 88389K, committed 89216K, reserved 1179648K
  class space    used 12086K, committed 12480K, reserved 1048576K
}
Event: 18.935 GC heap before
{Heap before GC invocations=56 (full 0):
 garbage-first heap   total 204800K, used 131560K [0x0000000080000000, 0x0000000100000000)
  region size 1024K, 19 young (19456K), 6 survivors (6144K)
 Metaspace       used 90451K, committed 91264K, reserved 1179648K
  class space    used 12271K, committed 12672K, reserved 1048576K
}
Event: 18.944 GC heap after
{Heap after GC invocations=57 (full 0):
 garbage-first heap   total 204800K, used 114614K [0x0000000080000000, 0x0000000100000000)
  region size 1024K, 1 young (1024K), 1 survivors (1024K)
 Metaspace       used 90451K, committed 91264K, reserved 1179648K
  class space    used 12271K, committed 12672K, reserved 1048576K
}

