# JRE version: OpenJDK Runtime Environment (17.0.8) (build 17.0.8+0--10699129)
# Java VM: OpenJDK 64-Bit Server VM (17.0.8+0--10699129, mixed mode, tiered, compressed oops, compressed class ptrs, g1 gc, windows-amd64)
GC Precious Log:
 CPUs: 8 total, 8 available
 Memory: 6091M
 Large Page Support: Disabled
 NUMA Support: Disabled
 Compressed Oops: Enabled (32-bit)
 Heap Region Size: 1M
 Heap Min Capacity: 8M
 Heap Initial Capacity: 96M
 Heap Max Capacity: 2G
 Pre-touch: Disabled
 Parallel Workers: 8
 Concurrent Workers: 2
 Concurrent Refinement Workers: 8
 Periodic GC: Disabled
Heap:
 garbage-first heap   total 240640K, used 152212K [0x0000000080000000, 0x0000000100000000)
  region size 1024K, 11 young (11264K), 8 survivors (8192K)
 Metaspace       used 113457K, committed 114304K, reserved 1179648K
  class space    used 15260K, committed 15616K, reserved 1048576K
GC Heap History (20 events):
Event: 15.173 GC heap before
{Heap before GC invocations=39 (full 0):
 garbage-first heap   total 184320K, used 128755K [0x0000000080000000, 0x0000000100000000)
  region size 1024K, 32 young (32768K), 5 survivors (5120K)
 Metaspace       used 78719K, committed 79360K, reserved 1179648K
  class space    used 10551K, committed 10816K, reserved 1048576K
}
Event: 15.178 GC heap after
{Heap after GC invocations=40 (full 0):
 garbage-first heap   total 184320K, used 97684K [0x0000000080000000, 0x0000000100000000)
  region size 1024K, 3 young (3072K), 3 survivors (3072K)
 Metaspace       used 78719K, committed 79360K, reserved 1179648K
  class space    used 10551K, committed 10816K, reserved 1048576K
}
Event: 15.270 GC heap before
{Heap before GC invocations=40 (full 0):
 garbage-first heap   total 184320K, used 102804K [0x0000000080000000, 0x0000000100000000)
  region size 1024K, 9 young (9216K), 3 survivors (3072K)
 Metaspace       used 79117K, committed 79808K, reserved 1179648K
  class space    used 10606K, committed 10880K, reserved 1048576K
}
Event: 15.273 GC heap after
{Heap after GC invocations=41 (full 0):
 garbage-first heap   total 184320K, used 97526K [0x0000000080000000, 0x0000000100000000)
  region size 1024K, 1 young (1024K), 1 survivors (1024K)
 Metaspace       used 79117K, committed 79808K, reserved 1179648K
  class space    used 10606K, committed 10880K, reserved 1048576K
}
Event: 16.043 GC heap before
{Heap before GC invocations=41 (full 0):
 garbage-first heap   total 184320K, used 142582K [0x0000000080000000, 0x0000000100000000)
  region size 1024K, 45 young (46080K), 1 survivors (1024K)
 Metaspace       used 82623K, committed 83392K, reserved 1179648K
  class space    used 11087K, committed 11392K, reserved 1048576K
}
Event: 16.046 GC heap after
{Heap after GC invocations=42 (full 0):
 garbage-first heap   total 231424K, used 99235K [0x0000000080000000, 0x0000000100000000)
  region size 1024K, 3 young (3072K), 3 survivors (3072K)
 Metaspace       used 82623K, committed 83392K, reserved 1179648K
  class space    used 11087K, committed 11392K, reserved 1048576K
}
Event: 17.108 GC heap before
{Heap before GC invocations=42 (full 0):
 garbage-first heap   total 231424K, used 178083K [0x0000000080000000, 0x0000000100000000)
  region size 1024K, 76 young (77824K), 3 survivors (3072K)
 Metaspace       used 84755K, committed 85504K, reserved 1179648K
  class space    used 11370K, committed 11712K, reserved 1048576K
}
Event: 17.115 GC heap after
{Heap after GC invocations=43 (full 0):
 garbage-first heap   total 231424K, used 109105K [0x0000000080000000, 0x0000000100000000)
  region size 1024K, 8 young (8192K), 8 survivors (8192K)
 Metaspace       used 84755K, committed 85504K, reserved 1179648K
  class space    used 11370K, committed 11712K, reserved 1048576K
}
Event: 18.360 GC heap before
{Heap before GC invocations=43 (full 0):
 garbage-first heap   total 231424K, used 183857K [0x0000000080000000, 0x0000000100000000)
  region size 1024K, 80 young (81920K), 8 survivors (8192K)
 Metaspace       used 89817K, committed 90560K, reserved 1179648K
  class space    used 12190K, committed 12544K, reserved 1048576K
}
Event: 18.368 GC heap after
{Heap after GC invocations=44 (full 0):
 garbage-first heap   total 231424K, used 111988K [0x0000000080000000, 0x0000000100000000)
  region size 1024K, 3 young (3072K), 3 survivors (3072K)
 Metaspace       used 89817K, committed 90560K, reserved 1179648K
  class space    used 12190K, committed 12544K, reserved 1048576K
}
Event: 19.508 GC heap before
{Heap before GC invocations=44 (full 0):
 garbage-first heap   total 231424K, used 190836K [0x0000000080000000, 0x0000000100000000)
  region size 1024K, 76 young (77824K), 3 survivors (3072K)
 Metaspace       used 95314K, committed 96128K, reserved 1179648K
  class space    used 12901K, committed 13248K, reserved 1048576K
}
Event: 19.518 GC heap after
{Heap after GC invocations=45 (full 0):
 garbage-first heap   total 231424K, used 117118K [0x0000000080000000, 0x0000000100000000)
  region size 1024K, 8 young (8192K), 8 survivors (8192K)
 Metaspace       used 95314K, committed 96128K, reserved 1179648K
  class space    used 12901K, committed 13248K, reserved 1048576K
}
Event: 20.887 GC heap before
{Heap before GC invocations=45 (full 0):
 garbage-first heap   total 231424K, used 198014K [0x0000000080000000, 0x0000000100000000)
  region size 1024K, 77 young (78848K), 8 survivors (8192K)
 Metaspace       used 100532K, committed 101376K, reserved 1179648K
  class space    used 13637K, committed 14016K, reserved 1048576K
}
Event: 20.904 GC heap after
{Heap after GC invocations=46 (full 0):
 garbage-first heap   total 231424K, used 136994K [0x0000000080000000, 0x0000000100000000)
  region size 1024K, 9 young (9216K), 9 survivors (9216K)
 Metaspace       used 100532K, committed 101376K, reserved 1179648K
  class space    used 13637K, committed 14016K, reserved 1048576K
}
Event: 21.913 GC heap before
{Heap before GC invocations=46 (full 0):
 garbage-first heap   total 231424K, used 193314K [0x0000000080000000, 0x0000000100000000)
  region size 1024K, 62 young (63488K), 9 survivors (9216K)
 Metaspace       used 106228K, committed 107072K, reserved 1179648K
  class space    used 14366K, committed 14720K, reserved 1048576K
}
Event: 21.923 GC heap after
{Heap after GC invocations=47 (full 0):
 garbage-first heap   total 231424K, used 139562K [0x0000000080000000, 0x0000000100000000)
  region size 1024K, 3 young (3072K), 3 survivors (3072K)
 Metaspace       used 106228K, committed 107072K, reserved 1179648K
  class space    used 14366K, committed 14720K, reserved 1048576K
}
Event: 23.063 GC heap before
{Heap before GC invocations=48 (full 0):
 garbage-first heap   total 240640K, used 192810K [0x0000000080000000, 0x0000000100000000)
  region size 1024K, 55 young (56320K), 3 survivors (3072K)
 Metaspace       used 111704K, committed 112512K, reserved 1179648K
  class space    used 15082K, committed 15424K, reserved 1048576K
}
Event: 23.069 GC heap after
{Heap after GC invocations=49 (full 0):
 garbage-first heap   total 240640K, used 141653K [0x0000000080000000, 0x0000000100000000)
  region size 1024K, 5 young (5120K), 5 survivors (5120K)
 Metaspace       used 111704K, committed 112512K, reserved 1179648K
  class space    used 15082K, committed 15424K, reserved 1048576K
}
Event: 23.167 GC heap before
{Heap before GC invocations=49 (full 0):
 garbage-first heap   total 240640K, used 147797K [0x0000000080000000, 0x0000000100000000)
  region size 1024K, 11 young (11264K), 5 survivors (5120K)
 Metaspace       used 112501K, committed 113344K, reserved 1179648K
  class space    used 15184K, committed 15552K, reserved 1048576K
}
Event: 23.173 GC heap after
{Heap after GC invocations=50 (full 0):
 garbage-first heap   total 240640K, used 142033K [0x0000000080000000, 0x0000000100000000)
  region size 1024K, 1 young (1024K), 1 survivors (1024K)
 Metaspace       used 112501K, committed 113344K, reserved 1179648K
  class space    used 15184K, committed 15552K, reserved 1048576K
}

