# JRE version: OpenJDK Runtime Environment (17.0.8) (build 17.0.8+0--10699129)
# Java VM: OpenJDK 64-Bit Server VM (17.0.8+0--10699129, mixed mode, tiered, compressed oops, compressed class ptrs, g1 gc, windows-amd64)
GC Precious Log:
 CPUs: 8 total, 8 available
 Memory: 6091M
 Large Page Support: Disabled
 NUMA Support: Disabled
 Compressed Oops: Enabled (32-bit)
 Heap Region Size: 1M
 Heap Min Capacity: 8M
 Heap Initial Capacity: 96M
 Heap Max Capacity: 2G
 Pre-touch: Disabled
 Parallel Workers: 8
 Concurrent Workers: 2
 Concurrent Refinement Workers: 8
 Periodic GC: Disabled
Heap:
 garbage-first heap   total 311296K, used 254976K [0x0000000080000000, 0x0000000100000000)
  region size 1024K, 3 young (3072K), 3 survivors (3072K)
 Metaspace       used 108293K, committed 109056K, reserved 1179648K
  class space    used 14787K, committed 15168K, reserved 1048576K
GC Heap History (20 events):
Event: 14.526 GC heap after
{Heap after GC invocations=39 (full 0):
 garbage-first heap   total 294912K, used 87565K [0x0000000080000000, 0x0000000100000000)
  region size 1024K, 8 young (8192K), 8 survivors (8192K)
 Metaspace       used 85621K, committed 86272K, reserved 1179648K
  class space    used 11699K, committed 12032K, reserved 1048576K
}
Event: 16.781 GC heap before
{Heap before GC invocations=39 (full 0):
 garbage-first heap   total 294912K, used 241165K [0x0000000080000000, 0x0000000100000000)
  region size 1024K, 154 young (157696K), 8 survivors (8192K)
 Metaspace       used 97113K, committed 97856K, reserved 1179648K
  class space    used 13278K, committed 13632K, reserved 1048576K
}
Event: 16.799 GC heap after
{Heap after GC invocations=40 (full 0):
 garbage-first heap   total 294912K, used 99054K [0x0000000080000000, 0x0000000100000000)
  region size 1024K, 19 young (19456K), 19 survivors (19456K)
 Metaspace       used 97113K, committed 97856K, reserved 1179648K
  class space    used 13278K, committed 13632K, reserved 1048576K
}
Event: 18.346 GC heap before
{Heap before GC invocations=40 (full 0):
 garbage-first heap   total 294912K, used 234222K [0x0000000080000000, 0x0000000100000000)
  region size 1024K, 152 young (155648K), 19 survivors (19456K)
 Metaspace       used 98826K, committed 99584K, reserved 1179648K
  class space    used 13473K, committed 13824K, reserved 1048576K
}
Event: 18.378 GC heap after
{Heap after GC invocations=41 (full 0):
 garbage-first heap   total 294912K, used 112825K [0x0000000080000000, 0x0000000100000000)
  region size 1024K, 14 young (14336K), 14 survivors (14336K)
 Metaspace       used 98826K, committed 99584K, reserved 1179648K
  class space    used 13473K, committed 13824K, reserved 1048576K
}
Event: 19.305 GC heap before
{Heap before GC invocations=41 (full 0):
 garbage-first heap   total 294912K, used 235705K [0x0000000080000000, 0x0000000100000000)
  region size 1024K, 135 young (138240K), 14 survivors (14336K)
 Metaspace       used 99310K, committed 100096K, reserved 1179648K
  class space    used 13512K, committed 13888K, reserved 1048576K
}
Event: 19.322 GC heap after
{Heap after GC invocations=42 (full 0):
 garbage-first heap   total 294912K, used 120461K [0x0000000080000000, 0x0000000100000000)
  region size 1024K, 11 young (11264K), 11 survivors (11264K)
 Metaspace       used 99310K, committed 100096K, reserved 1179648K
  class space    used 13512K, committed 13888K, reserved 1048576K
}
Event: 20.150 GC heap before
{Heap before GC invocations=42 (full 0):
 garbage-first heap   total 294912K, used 237197K [0x0000000080000000, 0x0000000100000000)
  region size 1024K, 126 young (129024K), 11 survivors (11264K)
 Metaspace       used 101837K, committed 102592K, reserved 1179648K
  class space    used 13898K, committed 14272K, reserved 1048576K
}
Event: 20.164 GC heap after
{Heap after GC invocations=43 (full 0):
 garbage-first heap   total 294912K, used 126499K [0x0000000080000000, 0x0000000100000000)
  region size 1024K, 8 young (8192K), 8 survivors (8192K)
 Metaspace       used 101837K, committed 102592K, reserved 1179648K
  class space    used 13898K, committed 14272K, reserved 1048576K
}
Event: 20.714 GC heap before
{Heap before GC invocations=43 (full 0):
 garbage-first heap   total 294912K, used 242211K [0x0000000080000000, 0x0000000100000000)
  region size 1024K, 93 young (95232K), 8 survivors (8192K)
 Metaspace       used 104061K, committed 104832K, reserved 1179648K
  class space    used 14175K, committed 14528K, reserved 1048576K
}
Event: 20.729 GC heap after
{Heap after GC invocations=44 (full 0):
 garbage-first heap   total 294912K, used 171392K [0x0000000080000000, 0x0000000100000000)
  region size 1024K, 15 young (15360K), 15 survivors (15360K)
 Metaspace       used 104061K, committed 104832K, reserved 1179648K
  class space    used 14175K, committed 14528K, reserved 1048576K
}
Event: 21.432 GC heap before
{Heap before GC invocations=45 (full 0):
 garbage-first heap   total 311296K, used 280960K [0x0000000080000000, 0x0000000100000000)
  region size 1024K, 77 young (78848K), 15 survivors (15360K)
 Metaspace       used 107966K, committed 108672K, reserved 1179648K
  class space    used 14744K, committed 15104K, reserved 1048576K
}
Event: 21.443 GC heap after
{Heap after GC invocations=46 (full 0):
 garbage-first heap   total 311296K, used 205484K [0x0000000080000000, 0x0000000100000000)
  region size 1024K, 10 young (10240K), 10 survivors (10240K)
 Metaspace       used 107966K, committed 108672K, reserved 1179648K
  class space    used 14744K, committed 15104K, reserved 1048576K
}
Event: 21.448 GC heap before
{Heap before GC invocations=46 (full 0):
 garbage-first heap   total 311296K, used 219820K [0x0000000080000000, 0x0000000100000000)
  region size 1024K, 15 young (15360K), 10 survivors (10240K)
 Metaspace       used 107966K, committed 108672K, reserved 1179648K
  class space    used 14744K, committed 15104K, reserved 1048576K
}
Event: 21.453 GC heap after
{Heap after GC invocations=47 (full 0):
 garbage-first heap   total 311296K, used 210909K [0x0000000080000000, 0x0000000100000000)
  region size 1024K, 2 young (2048K), 2 survivors (2048K)
 Metaspace       used 107966K, committed 108672K, reserved 1179648K
  class space    used 14744K, committed 15104K, reserved 1048576K
}
Event: 21.732 GC heap before
{Heap before GC invocations=47 (full 0):
 garbage-first heap   total 311296K, used 288733K [0x0000000080000000, 0x0000000100000000)
  region size 1024K, 46 young (47104K), 2 survivors (2048K)
 Metaspace       used 108293K, committed 109056K, reserved 1179648K
  class space    used 14787K, committed 15168K, reserved 1048576K
}
Event: 21.748 GC heap after
{Heap after GC invocations=48 (full 0):
 garbage-first heap   total 311296K, used 240628K [0x0000000080000000, 0x0000000100000000)
  region size 1024K, 6 young (6144K), 6 survivors (6144K)
 Metaspace       used 108293K, committed 109056K, reserved 1179648K
  class space    used 14787K, committed 15168K, reserved 1048576K
}
Event: 21.868 GC heap before
{Heap before GC invocations=48 (full 0):
 garbage-first heap   total 311296K, used 261108K [0x0000000080000000, 0x0000000100000000)
  region size 1024K, 25 young (25600K), 6 survivors (6144K)
 Metaspace       used 108293K, committed 109056K, reserved 1179648K
  class space    used 14787K, committed 15168K, reserved 1048576K
}
Event: 21.883 GC heap after
{Heap after GC invocations=49 (full 0):
 garbage-first heap   total 311296K, used 250085K [0x0000000080000000, 0x0000000100000000)
  region size 1024K, 4 young (4096K), 4 survivors (4096K)
 Metaspace       used 108293K, committed 109056K, reserved 1179648K
  class space    used 14787K, committed 15168K, reserved 1048576K
}
Event: 21.957 GC heap before
{Heap before GC invocations=49 (full 0):
 garbage-first heap   total 311296K, used 263397K [0x0000000080000000, 0x0000000100000000)
  region size 1024K, 17 young (17408K), 4 survivors (4096K)
 Metaspace       used 108293K, committed 109056K, reserved 1179648K
  class space    used 14787K, committed 15168K, reserved 1048576K
}

