# JRE version: OpenJDK Runtime Environment (17.0.8) (build 17.0.8+0--10699129)
# Java VM: OpenJDK 64-Bit Server VM (17.0.8+0--10699129, mixed mode, tiered, compressed oops, compressed class ptrs, g1 gc, windows-amd64)
GC Precious Log:
 CPUs: 8 total, 8 available
 Memory: 6091M
 Large Page Support: Disabled
 NUMA Support: Disabled
 Compressed Oops: Enabled (32-bit)
 Heap Region Size: 1M
 Heap Min Capacity: 8M
 Heap Initial Capacity: 96M
 Heap Max Capacity: 2G
 Pre-touch: Disabled
 Parallel Workers: 8
 Concurrent Workers: 2
 Concurrent Refinement Workers: 8
 Periodic GC: Disabled
Heap:
 garbage-first heap   total 388096K, used 314690K [0x0000000080000000, 0x0000000100000000)
  region size 1024K, 3 young (3072K), 3 survivors (3072K)
 Metaspace       used 131754K, committed 132608K, reserved 1179648K
  class space    used 17257K, committed 17728K, reserved 1048576K
GC Heap History (20 events):
Event: 1167.096 GC heap after
{Heap after GC invocations=59 (full 0):
 garbage-first heap   total 247808K, used 157880K [0x0000000080000000, 0x0000000100000000)
  region size 1024K, 8 young (8192K), 8 survivors (8192K)
 Metaspace       used 118397K, committed 119296K, reserved 1179648K
  class space    used 15795K, committed 16256K, reserved 1048576K
}
Event: 1167.812 GC heap before
{Heap before GC invocations=59 (full 0):
 garbage-first heap   total 247808K, used 208056K [0x0000000080000000, 0x0000000100000000)
  region size 1024K, 58 young (59392K), 8 survivors (8192K)
 Metaspace       used 118823K, committed 119744K, reserved 1179648K
  class space    used 15858K, committed 16320K, reserved 1048576K
}
Event: 1167.841 GC heap after
{Heap after GC invocations=60 (full 0):
 garbage-first heap   total 247808K, used 166976K [0x0000000080000000, 0x0000000100000000)
  region size 1024K, 8 young (8192K), 8 survivors (8192K)
 Metaspace       used 118823K, committed 119744K, reserved 1179648K
  class space    used 15858K, committed 16320K, reserved 1048576K
}
Event: 1168.665 GC heap before
{Heap before GC invocations=60 (full 0):
 garbage-first heap   total 247808K, used 189504K [0x0000000080000000, 0x0000000100000000)
  region size 1024K, 32 young (32768K), 8 survivors (8192K)
 Metaspace       used 122601K, committed 123456K, reserved 1179648K
  class space    used 16386K, committed 16832K, reserved 1048576K
}
Event: 1168.682 GC heap after
{Heap after GC invocations=61 (full 0):
 garbage-first heap   total 247808K, used 169631K [0x0000000080000000, 0x0000000100000000)
  region size 1024K, 2 young (2048K), 2 survivors (2048K)
 Metaspace       used 122601K, committed 123456K, reserved 1179648K
  class space    used 16386K, committed 16832K, reserved 1048576K
}
Event: 1169.683 GC heap before
{Heap before GC invocations=62 (full 0):
 garbage-first heap   total 301056K, used 210591K [0x0000000080000000, 0x0000000100000000)
  region size 1024K, 41 young (41984K), 2 survivors (2048K)
 Metaspace       used 125573K, committed 126464K, reserved 1179648K
  class space    used 16700K, committed 17152K, reserved 1048576K
}
Event: 1169.693 GC heap after
{Heap after GC invocations=63 (full 0):
 garbage-first heap   total 301056K, used 179767K [0x0000000080000000, 0x0000000100000000)
  region size 1024K, 6 young (6144K), 6 survivors (6144K)
 Metaspace       used 125573K, committed 126464K, reserved 1179648K
  class space    used 16700K, committed 17152K, reserved 1048576K
}
Event: 1170.042 GC heap before
{Heap before GC invocations=63 (full 0):
 garbage-first heap   total 301056K, used 187959K [0x0000000080000000, 0x0000000100000000)
  region size 1024K, 14 young (14336K), 6 survivors (6144K)
 Metaspace       used 125843K, committed 126720K, reserved 1179648K
  class space    used 16742K, committed 17152K, reserved 1048576K
}
Event: 1170.062 GC heap after
{Heap after GC invocations=64 (full 0):
 garbage-first heap   total 301056K, used 168919K [0x0000000080000000, 0x0000000100000000)
  region size 1024K, 2 young (2048K), 2 survivors (2048K)
 Metaspace       used 125843K, committed 126720K, reserved 1179648K
  class space    used 16742K, committed 17152K, reserved 1048576K
}
Event: 1171.834 GC heap before
{Heap before GC invocations=64 (full 0):
 garbage-first heap   total 301056K, used 245719K [0x0000000080000000, 0x0000000100000000)
  region size 1024K, 76 young (77824K), 2 survivors (2048K)
 Metaspace       used 130172K, committed 131008K, reserved 1179648K
  class space    used 17090K, committed 17472K, reserved 1048576K
}
Event: 1171.867 GC heap after
{Heap after GC invocations=65 (full 0):
 garbage-first heap   total 301056K, used 206090K [0x0000000080000000, 0x0000000100000000)
  region size 1024K, 10 young (10240K), 10 survivors (10240K)
 Metaspace       used 130172K, committed 131008K, reserved 1179648K
  class space    used 17090K, committed 17472K, reserved 1048576K
}
Event: 1172.196 GC heap before
{Heap before GC invocations=65 (full 0):
 garbage-first heap   total 388096K, used 231690K [0x0000000080000000, 0x0000000100000000)
  region size 1024K, 35 young (35840K), 10 survivors (10240K)
 Metaspace       used 130510K, committed 131392K, reserved 1179648K
  class space    used 17129K, committed 17536K, reserved 1048576K
}
Event: 1172.223 GC heap after
{Heap after GC invocations=66 (full 0):
 garbage-first heap   total 388096K, used 231936K [0x0000000080000000, 0x0000000100000000)
  region size 1024K, 5 young (5120K), 5 survivors (5120K)
 Metaspace       used 130510K, committed 131392K, reserved 1179648K
  class space    used 17129K, committed 17536K, reserved 1048576K
}
Event: 1173.241 GC heap before
{Heap before GC invocations=67 (full 0):
 garbage-first heap   total 388096K, used 290304K [0x0000000080000000, 0x0000000100000000)
  region size 1024K, 62 young (63488K), 5 survivors (5120K)
 Metaspace       used 131689K, committed 132544K, reserved 1179648K
  class space    used 17257K, committed 17728K, reserved 1048576K
}
Event: 1173.273 GC heap after
{Heap after GC invocations=68 (full 0):
 garbage-first heap   total 388096K, used 273920K [0x0000000080000000, 0x0000000100000000)
  region size 1024K, 8 young (8192K), 8 survivors (8192K)
 Metaspace       used 131689K, committed 132544K, reserved 1179648K
  class space    used 17257K, committed 17728K, reserved 1048576K
}
Event: 1173.350 GC heap before
{Heap before GC invocations=68 (full 0):
 garbage-first heap   total 388096K, used 284160K [0x0000000080000000, 0x0000000100000000)
  region size 1024K, 18 young (18432K), 8 survivors (8192K)
 Metaspace       used 131689K, committed 132544K, reserved 1179648K
  class space    used 17257K, committed 17728K, reserved 1048576K
}
Event: 1173.372 GC heap after
{Heap after GC invocations=69 (full 0):
 garbage-first heap   total 388096K, used 283648K [0x0000000080000000, 0x0000000100000000)
  region size 1024K, 3 young (3072K), 3 survivors (3072K)
 Metaspace       used 131689K, committed 132544K, reserved 1179648K
  class space    used 17257K, committed 17728K, reserved 1048576K
}
Event: 1173.502 GC heap before
{Heap before GC invocations=69 (full 0):
 garbage-first heap   total 388096K, used 304128K [0x0000000080000000, 0x0000000100000000)
  region size 1024K, 23 young (23552K), 3 survivors (3072K)
 Metaspace       used 131754K, committed 132608K, reserved 1179648K
  class space    used 17257K, committed 17728K, reserved 1048576K
}
Event: 1173.515 GC heap after
{Heap after GC invocations=70 (full 0):
 garbage-first heap   total 388096K, used 295936K [0x0000000080000000, 0x0000000100000000)
  region size 1024K, 3 young (3072K), 3 survivors (3072K)
 Metaspace       used 131754K, committed 132608K, reserved 1179648K
  class space    used 17257K, committed 17728K, reserved 1048576K
}
Event: 1173.596 GC heap before
{Heap before GC invocations=70 (full 0):
 garbage-first heap   total 388096K, used 313344K [0x0000000080000000, 0x0000000100000000)
  region size 1024K, 20 young (20480K), 3 survivors (3072K)
 Metaspace       used 131754K, committed 132608K, reserved 1179648K
  class space    used 17257K, committed 17728K, reserved 1048576K
}

