# JRE version: OpenJDK Runtime Environment (17.0.8) (build 17.0.8+0--10699129)
# Java VM: OpenJDK 64-Bit Server VM (17.0.8+0--10699129, mixed mode, tiered, compressed oops, compressed class ptrs, g1 gc, windows-amd64)
GC Precious Log:
 CPUs: 8 total, 8 available
 Memory: 6091M
 Large Page Support: Disabled
 NUMA Support: Disabled
 Compressed Oops: Enabled (32-bit)
 Heap Region Size: 1M
 Heap Min Capacity: 8M
 Heap Initial Capacity: 96M
 Heap Max Capacity: 2G
 Pre-touch: Disabled
 Parallel Workers: 8
 Concurrent Workers: 2
 Concurrent Refinement Workers: 8
 Periodic GC: Disabled
Heap:
 garbage-first heap   total 380928K, used 298992K [0x0000000080000000, 0x0000000100000000)
  region size 1024K, 4 young (4096K), 4 survivors (4096K)
 Metaspace       used 115167K, committed 115968K, reserved 1179648K
  class space    used 15885K, committed 16256K, reserved 1048576K
GC Heap History (20 events):
Event: 26.540 GC heap after
{Heap after GC invocations=49 (full 0):
 garbage-first heap   total 248832K, used 127507K [0x0000000080000000, 0x0000000100000000)
  region size 1024K, 5 young (5120K), 5 survivors (5120K)
 Metaspace       used 103971K, committed 104704K, reserved 1179648K
  class space    used 14124K, committed 14464K, reserved 1048576K
}
Event: 26.879 GC heap before
{Heap before GC invocations=49 (full 0):
 garbage-first heap   total 248832K, used 197139K [0x0000000080000000, 0x0000000100000000)
  region size 1024K, 74 young (75776K), 5 survivors (5120K)
 Metaspace       used 105309K, committed 106048K, reserved 1179648K
  class space    used 14312K, committed 14656K, reserved 1048576K
}
Event: 26.887 GC heap after
{Heap after GC invocations=50 (full 0):
 garbage-first heap   total 248832K, used 131268K [0x0000000080000000, 0x0000000100000000)
  region size 1024K, 8 young (8192K), 8 survivors (8192K)
 Metaspace       used 105309K, committed 106048K, reserved 1179648K
  class space    used 14312K, committed 14656K, reserved 1048576K
}
Event: 27.278 GC heap before
{Heap before GC invocations=50 (full 0):
 garbage-first heap   total 248832K, used 203972K [0x0000000080000000, 0x0000000100000000)
  region size 1024K, 78 young (79872K), 8 survivors (8192K)
 Metaspace       used 107205K, committed 107904K, reserved 1179648K
  class space    used 14562K, committed 14912K, reserved 1048576K
}
Event: 27.293 GC heap after
{Heap after GC invocations=51 (full 0):
 garbage-first heap   total 248832K, used 136301K [0x0000000080000000, 0x0000000100000000)
  region size 1024K, 9 young (9216K), 9 survivors (9216K)
 Metaspace       used 107205K, committed 107904K, reserved 1179648K
  class space    used 14562K, committed 14912K, reserved 1048576K
}
Event: 27.415 GC heap before
{Heap before GC invocations=51 (full 0):
 garbage-first heap   total 248832K, used 172141K [0x0000000080000000, 0x0000000100000000)
  region size 1024K, 23 young (23552K), 9 survivors (9216K)
 Metaspace       used 107572K, committed 108288K, reserved 1179648K
  class space    used 14607K, committed 14976K, reserved 1048576K
}
Event: 27.424 GC heap after
{Heap after GC invocations=52 (full 0):
 garbage-first heap   total 248832K, used 169890K [0x0000000080000000, 0x0000000100000000)
  region size 1024K, 10 young (10240K), 10 survivors (10240K)
 Metaspace       used 107572K, committed 108288K, reserved 1179648K
  class space    used 14607K, committed 14976K, reserved 1048576K
}
Event: 27.938 GC heap before
{Heap before GC invocations=53 (full 0):
 garbage-first heap   total 317440K, used 201634K [0x0000000080000000, 0x0000000100000000)
  region size 1024K, 34 young (34816K), 10 survivors (10240K)
 Metaspace       used 109582K, committed 110400K, reserved 1179648K
  class space    used 14891K, committed 15296K, reserved 1048576K
}
Event: 27.946 GC heap after
{Heap after GC invocations=54 (full 0):
 garbage-first heap   total 317440K, used 182084K [0x0000000080000000, 0x0000000100000000)
  region size 1024K, 5 young (5120K), 5 survivors (5120K)
 Metaspace       used 109582K, committed 110400K, reserved 1179648K
  class space    used 14891K, committed 15296K, reserved 1048576K
}
Event: 28.171 GC heap before
{Heap before GC invocations=54 (full 0):
 garbage-first heap   total 317440K, used 191300K [0x0000000080000000, 0x0000000100000000)
  region size 1024K, 15 young (15360K), 5 survivors (5120K)
 Metaspace       used 110712K, committed 111488K, reserved 1179648K
  class space    used 15064K, committed 15424K, reserved 1048576K
}
Event: 28.176 GC heap after
{Heap after GC invocations=55 (full 0):
 garbage-first heap   total 380928K, used 181436K [0x0000000080000000, 0x0000000100000000)
  region size 1024K, 1 young (1024K), 1 survivors (1024K)
 Metaspace       used 110712K, committed 111488K, reserved 1179648K
  class space    used 15064K, committed 15424K, reserved 1048576K
}
Event: 28.634 GC heap before
{Heap before GC invocations=55 (full 0):
 garbage-first heap   total 380928K, used 342204K [0x0000000080000000, 0x0000000100000000)
  region size 1024K, 74 young (75776K), 1 survivors (1024K)
 Metaspace       used 111762K, committed 112576K, reserved 1179648K
  class space    used 15214K, committed 15616K, reserved 1048576K
}
Event: 28.655 GC heap after
{Heap after GC invocations=56 (full 0):
 garbage-first heap   total 380928K, used 240569K [0x0000000080000000, 0x0000000100000000)
  region size 1024K, 10 young (10240K), 10 survivors (10240K)
 Metaspace       used 111762K, committed 112576K, reserved 1179648K
  class space    used 15214K, committed 15616K, reserved 1048576K
}
Event: 29.051 GC heap before
{Heap before GC invocations=56 (full 0):
 garbage-first heap   total 380928K, used 294841K [0x0000000080000000, 0x0000000100000000)
  region size 1024K, 60 young (61440K), 10 survivors (10240K)
 Metaspace       used 111763K, committed 112576K, reserved 1179648K
  class space    used 15214K, committed 15616K, reserved 1048576K
}
Event: 29.084 GC heap after
{Heap after GC invocations=57 (full 0):
 garbage-first heap   total 380928K, used 262632K [0x0000000080000000, 0x0000000100000000)
  region size 1024K, 8 young (8192K), 8 survivors (8192K)
 Metaspace       used 111763K, committed 112576K, reserved 1179648K
  class space    used 15214K, committed 15616K, reserved 1048576K
}
Event: 29.283 GC heap before
{Heap before GC invocations=57 (full 0):
 garbage-first heap   total 380928K, used 305640K [0x0000000080000000, 0x0000000100000000)
  region size 1024K, 47 young (48128K), 8 survivors (8192K)
 Metaspace       used 111773K, committed 112576K, reserved 1179648K
  class space    used 15214K, committed 15616K, reserved 1048576K
}
Event: 29.310 GC heap after
{Heap after GC invocations=58 (full 0):
 garbage-first heap   total 380928K, used 281944K [0x0000000080000000, 0x0000000100000000)
  region size 1024K, 6 young (6144K), 6 survivors (6144K)
 Metaspace       used 111773K, committed 112576K, reserved 1179648K
  class space    used 15214K, committed 15616K, reserved 1048576K
}
Event: 29.508 GC heap before
{Heap before GC invocations=58 (full 0):
 garbage-first heap   total 380928K, used 311640K [0x0000000080000000, 0x0000000100000000)
  region size 1024K, 36 young (36864K), 6 survivors (6144K)
 Metaspace       used 113651K, committed 114432K, reserved 1179648K
  class space    used 15596K, committed 16000K, reserved 1048576K
}
Event: 29.529 GC heap after
{Heap after GC invocations=59 (full 0):
 garbage-first heap   total 380928K, used 290574K [0x0000000080000000, 0x0000000100000000)
  region size 1024K, 5 young (5120K), 5 survivors (5120K)
 Metaspace       used 113651K, committed 114432K, reserved 1179648K
  class space    used 15596K, committed 16000K, reserved 1048576K
}
Event: 29.717 GC heap before
{Heap before GC invocations=59 (full 0):
 garbage-first heap   total 380928K, used 317198K [0x0000000080000000, 0x0000000100000000)
  region size 1024K, 32 young (32768K), 5 survivors (5120K)
 Metaspace       used 115167K, committed 115968K, reserved 1179648K
  class space    used 15885K, committed 16256K, reserved 1048576K
}

