# JRE version: OpenJDK Runtime Environment (17.0.8) (build 17.0.8+0--10699129)
# Java VM: OpenJDK 64-Bit Server VM (17.0.8+0--10699129, mixed mode, tiered, compressed oops, compressed class ptrs, g1 gc, windows-amd64)
GC Precious Log:
 CPUs: 8 total, 8 available
 Memory: 6091M
 Large Page Support: Disabled
 NUMA Support: Disabled
 Compressed Oops: Enabled (32-bit)
 Heap Region Size: 1M
 Heap Min Capacity: 8M
 Heap Initial Capacity: 96M
 Heap Max Capacity: 2G
 Pre-touch: Disabled
 Parallel Workers: 8
 Concurrent Workers: 2
 Concurrent Refinement Workers: 8
 Periodic GC: Disabled
Heap:
 garbage-first heap   total 155648K, used 93727K [0x0000000080000000, 0x0000000100000000)
  region size 1024K, 4 young (4096K), 4 survivors (4096K)
 Metaspace       used 72505K, committed 73280K, reserved 1114112K
  class space    used 9754K, committed 10112K, reserved 1048576K
GC Heap History (20 events):
Event: 8.352 GC heap after
{Heap after GC invocations=28 (full 0):
 garbage-first heap   total 125952K, used 61870K [0x0000000080000000, 0x0000000100000000)
  region size 1024K, 4 young (4096K), 4 survivors (4096K)
 Metaspace       used 58066K, committed 58624K, reserved 1114112K
  class space    used 7928K, committed 8192K, reserved 1048576K
}
Event: 9.138 GC heap before
{Heap before GC invocations=29 (full 0):
 garbage-first heap   total 125952K, used 106926K [0x0000000080000000, 0x0000000100000000)
  region size 1024K, 41 young (41984K), 4 survivors (4096K)
 Metaspace       used 59371K, committed 60032K, reserved 1114112K
  class space    used 8069K, committed 8384K, reserved 1048576K
}
Event: 9.146 GC heap after
{Heap after GC invocations=30 (full 0):
 garbage-first heap   total 125952K, used 76553K [0x0000000080000000, 0x0000000100000000)
  region size 1024K, 6 young (6144K), 6 survivors (6144K)
 Metaspace       used 59371K, committed 60032K, reserved 1114112K
  class space    used 8069K, committed 8384K, reserved 1048576K
}
Event: 9.161 GC heap before
{Heap before GC invocations=30 (full 0):
 garbage-first heap   total 125952K, used 77577K [0x0000000080000000, 0x0000000100000000)
  region size 1024K, 7 young (7168K), 6 survivors (6144K)
 Metaspace       used 59458K, committed 60096K, reserved 1114112K
  class space    used 8086K, committed 8384K, reserved 1048576K
}
Event: 9.166 GC heap after
{Heap after GC invocations=31 (full 0):
 garbage-first heap   total 125952K, used 77128K [0x0000000080000000, 0x0000000100000000)
  region size 1024K, 1 young (1024K), 1 survivors (1024K)
 Metaspace       used 59458K, committed 60096K, reserved 1114112K
  class space    used 8086K, committed 8384K, reserved 1048576K
}
Event: 9.282 GC heap before
{Heap before GC invocations=31 (full 0):
 garbage-first heap   total 125952K, used 83272K [0x0000000080000000, 0x0000000100000000)
  region size 1024K, 9 young (9216K), 1 survivors (1024K)
 Metaspace       used 59945K, committed 60672K, reserved 1114112K
  class space    used 8174K, committed 8512K, reserved 1048576K
}
Event: 9.284 GC heap after
{Heap after GC invocations=32 (full 0):
 garbage-first heap   total 125952K, used 78778K [0x0000000080000000, 0x0000000100000000)
  region size 1024K, 3 young (3072K), 3 survivors (3072K)
 Metaspace       used 59945K, committed 60672K, reserved 1114112K
  class space    used 8174K, committed 8512K, reserved 1048576K
}
Event: 9.412 GC heap before
{Heap before GC invocations=33 (full 0):
 garbage-first heap   total 150528K, used 95162K [0x0000000080000000, 0x0000000100000000)
  region size 1024K, 16 young (16384K), 3 survivors (3072K)
 Metaspace       used 60561K, committed 61312K, reserved 1114112K
  class space    used 8232K, committed 8576K, reserved 1048576K
}
Event: 9.415 GC heap after
{Heap after GC invocations=34 (full 0):
 garbage-first heap   total 150528K, used 86820K [0x0000000080000000, 0x0000000100000000)
  region size 1024K, 4 young (4096K), 4 survivors (4096K)
 Metaspace       used 60561K, committed 61312K, reserved 1114112K
  class space    used 8232K, committed 8576K, reserved 1048576K
}
Event: 9.757 GC heap before
{Heap before GC invocations=35 (full 0):
 garbage-first heap   total 152576K, used 111396K [0x0000000080000000, 0x0000000100000000)
  region size 1024K, 28 young (28672K), 4 survivors (4096K)
 Metaspace       used 62451K, committed 63104K, reserved 1114112K
  class space    used 8495K, committed 8832K, reserved 1048576K
}
Event: 9.760 GC heap after
{Heap after GC invocations=36 (full 0):
 garbage-first heap   total 152576K, used 88219K [0x0000000080000000, 0x0000000100000000)
  region size 1024K, 1 young (1024K), 1 survivors (1024K)
 Metaspace       used 62451K, committed 63104K, reserved 1114112K
  class space    used 8495K, committed 8832K, reserved 1048576K
}
Event: 9.863 GC heap before
{Heap before GC invocations=36 (full 0):
 garbage-first heap   total 152576K, used 94363K [0x0000000080000000, 0x0000000100000000)
  region size 1024K, 7 young (7168K), 1 survivors (1024K)
 Metaspace       used 63106K, committed 63808K, reserved 1114112K
  class space    used 8586K, committed 8896K, reserved 1048576K
}
Event: 9.867 GC heap after
{Heap after GC invocations=37 (full 0):
 garbage-first heap   total 152576K, used 88030K [0x0000000080000000, 0x0000000100000000)
  region size 1024K, 1 young (1024K), 1 survivors (1024K)
 Metaspace       used 63106K, committed 63808K, reserved 1114112K
  class space    used 8586K, committed 8896K, reserved 1048576K
}
Event: 10.187 GC heap before
{Heap before GC invocations=37 (full 0):
 garbage-first heap   total 152576K, used 115678K [0x0000000080000000, 0x0000000100000000)
  region size 1024K, 28 young (28672K), 1 survivors (1024K)
 Metaspace       used 66045K, committed 66752K, reserved 1114112K
  class space    used 8891K, committed 9216K, reserved 1048576K
}
Event: 10.190 GC heap after
{Heap after GC invocations=38 (full 0):
 garbage-first heap   total 152576K, used 88532K [0x0000000080000000, 0x0000000100000000)
  region size 1024K, 1 young (1024K), 1 survivors (1024K)
 Metaspace       used 66045K, committed 66752K, reserved 1114112K
  class space    used 8891K, committed 9216K, reserved 1048576K
}
Event: 10.760 GC heap before
{Heap before GC invocations=39 (full 0):
 garbage-first heap   total 155648K, used 118228K [0x0000000080000000, 0x0000000100000000)
  region size 1024K, 30 young (30720K), 1 survivors (1024K)
 Metaspace       used 69850K, committed 70528K, reserved 1114112K
  class space    used 9417K, committed 9728K, reserved 1048576K
}
Event: 10.764 GC heap after
{Heap after GC invocations=40 (full 0):
 garbage-first heap   total 155648K, used 89955K [0x0000000080000000, 0x0000000100000000)
  region size 1024K, 3 young (3072K), 3 survivors (3072K)
 Metaspace       used 69850K, committed 70528K, reserved 1114112K
  class space    used 9417K, committed 9728K, reserved 1048576K
}
Event: 10.799 GC heap before
{Heap before GC invocations=40 (full 0):
 garbage-first heap   total 155648K, used 94051K [0x0000000080000000, 0x0000000100000000)
  region size 1024K, 7 young (7168K), 3 survivors (3072K)
 Metaspace       used 70127K, committed 70848K, reserved 1114112K
  class space    used 9462K, committed 9792K, reserved 1048576K
}
Event: 10.802 GC heap after
{Heap after GC invocations=41 (full 0):
 garbage-first heap   total 155648K, used 90289K [0x0000000080000000, 0x0000000100000000)
  region size 1024K, 1 young (1024K), 1 survivors (1024K)
 Metaspace       used 70127K, committed 70848K, reserved 1114112K
  class space    used 9462K, committed 9792K, reserved 1048576K
}
Event: 11.184 GC heap before
{Heap before GC invocations=41 (full 0):
 garbage-first heap   total 155648K, used 128177K [0x0000000080000000, 0x0000000100000000)
  region size 1024K, 32 young (32768K), 1 survivors (1024K)
 Metaspace       used 72505K, committed 73280K, reserved 1114112K
  class space    used 9754K, committed 10112K, reserved 1048576K
}

