# JRE version: OpenJDK Runtime Environment (17.0.8) (build 17.0.8+0--10699129)
# Java VM: OpenJDK 64-Bit Server VM (17.0.8+0--10699129, mixed mode, tiered, compressed oops, compressed class ptrs, g1 gc, windows-amd64)
GC Precious Log:
 CPUs: 8 total, 8 available
 Memory: 6091M
 Large Page Support: Disabled
 NUMA Support: Disabled
 Compressed Oops: Enabled (32-bit)
 Heap Region Size: 1M
 Heap Min Capacity: 8M
 Heap Initial Capacity: 96M
 Heap Max Capacity: 2G
 Pre-touch: Disabled
 Parallel Workers: 8
 Concurrent Workers: 2
 Concurrent Refinement Workers: 8
 Periodic GC: Disabled
Heap:
 garbage-first heap   total 450560K, used 362453K [0x0000000080000000, 0x0000000100000000)
  region size 1024K, 5 young (5120K), 5 survivors (5120K)
 Metaspace       used 137462K, committed 138560K, reserved 1179648K
  class space    used 18290K, committed 18816K, reserved 1048576K
GC Heap History (20 events):
Event: 65.852 GC heap after
{Heap after GC invocations=70 (full 0):
 garbage-first heap   total 294912K, used 206342K [0x0000000080000000, 0x0000000100000000)
  region size 1024K, 5 young (5120K), 5 survivors (5120K)
 Metaspace       used 131525K, committed 132608K, reserved 1179648K
  class space    used 17457K, committed 17984K, reserved 1048576K
}
Event: 66.184 GC heap before
{Heap before GC invocations=70 (full 0):
 garbage-first heap   total 294912K, used 250374K [0x0000000080000000, 0x0000000100000000)
  region size 1024K, 49 young (50176K), 5 survivors (5120K)
 Metaspace       used 131856K, committed 132928K, reserved 1179648K
  class space    used 17497K, committed 18048K, reserved 1048576K
}
Event: 66.195 GC heap after
{Heap after GC invocations=71 (full 0):
 garbage-first heap   total 294912K, used 209618K [0x0000000080000000, 0x0000000100000000)
  region size 1024K, 5 young (5120K), 5 survivors (5120K)
 Metaspace       used 131856K, committed 132928K, reserved 1179648K
  class space    used 17497K, committed 18048K, reserved 1048576K
}
Event: 66.647 GC heap before
{Heap before GC invocations=71 (full 0):
 garbage-first heap   total 294912K, used 251602K [0x0000000080000000, 0x0000000100000000)
  region size 1024K, 47 young (48128K), 5 survivors (5120K)
 Metaspace       used 132189K, committed 133248K, reserved 1179648K
  class space    used 17541K, committed 18048K, reserved 1048576K
}
Event: 66.659 GC heap after
{Heap after GC invocations=72 (full 0):
 garbage-first heap   total 294912K, used 212216K [0x0000000080000000, 0x0000000100000000)
  region size 1024K, 4 young (4096K), 4 survivors (4096K)
 Metaspace       used 132189K, committed 133248K, reserved 1179648K
  class space    used 17541K, committed 18048K, reserved 1048576K
}
Event: 67.053 GC heap before
{Heap before GC invocations=72 (full 0):
 garbage-first heap   total 294912K, used 252152K [0x0000000080000000, 0x0000000100000000)
  region size 1024K, 44 young (45056K), 4 survivors (4096K)
 Metaspace       used 132455K, committed 133504K, reserved 1179648K
  class space    used 17569K, committed 18048K, reserved 1048576K
}
Event: 67.063 GC heap after
{Heap after GC invocations=73 (full 0):
 garbage-first heap   total 354304K, used 214585K [0x0000000080000000, 0x0000000100000000)
  region size 1024K, 4 young (4096K), 4 survivors (4096K)
 Metaspace       used 132455K, committed 133504K, reserved 1179648K
  class space    used 17569K, committed 18048K, reserved 1048576K
}
Event: 67.565 GC heap before
{Heap before GC invocations=73 (full 0):
 garbage-first heap   total 354304K, used 273977K [0x0000000080000000, 0x0000000100000000)
  region size 1024K, 34 young (34816K), 4 survivors (4096K)
 Metaspace       used 132584K, committed 133632K, reserved 1179648K
  class space    used 17584K, committed 18112K, reserved 1048576K
}
Event: 67.575 GC heap after
{Heap after GC invocations=74 (full 0):
 garbage-first heap   total 354304K, used 256996K [0x0000000080000000, 0x0000000100000000)
  region size 1024K, 11 young (11264K), 11 survivors (11264K)
 Metaspace       used 132584K, committed 133632K, reserved 1179648K
  class space    used 17584K, committed 18112K, reserved 1048576K
}
Event: 68.476 GC heap before
{Heap before GC invocations=75 (full 0):
 garbage-first heap   total 450560K, used 300004K [0x0000000080000000, 0x0000000100000000)
  region size 1024K, 43 young (44032K), 11 survivors (11264K)
 Metaspace       used 135794K, committed 136832K, reserved 1179648K
  class space    used 18062K, committed 18560K, reserved 1048576K
}
Event: 68.487 GC heap after
{Heap after GC invocations=76 (full 0):
 garbage-first heap   total 450560K, used 266958K [0x0000000080000000, 0x0000000100000000)
  region size 1024K, 5 young (5120K), 5 survivors (5120K)
 Metaspace       used 135794K, committed 136832K, reserved 1179648K
  class space    used 18062K, committed 18560K, reserved 1048576K
}
Event: 68.512 GC heap before
{Heap before GC invocations=76 (full 0):
 garbage-first heap   total 450560K, used 320206K [0x0000000080000000, 0x0000000100000000)
  region size 1024K, 22 young (22528K), 5 survivors (5120K)
 Metaspace       used 135797K, committed 136832K, reserved 1179648K
  class space    used 18062K, committed 18560K, reserved 1048576K
}
Event: 68.532 GC heap after
{Heap after GC invocations=77 (full 0):
 garbage-first heap   total 450560K, used 271617K [0x0000000080000000, 0x0000000100000000)
  region size 1024K, 3 young (3072K), 3 survivors (3072K)
 Metaspace       used 135797K, committed 136832K, reserved 1179648K
  class space    used 18062K, committed 18560K, reserved 1048576K
}
Event: 69.251 GC heap before
{Heap before GC invocations=77 (full 0):
 garbage-first heap   total 450560K, used 387329K [0x0000000080000000, 0x0000000100000000)
  region size 1024K, 73 young (74752K), 3 survivors (3072K)
 Metaspace       used 136140K, committed 137216K, reserved 1179648K
  class space    used 18106K, committed 18624K, reserved 1048576K
}
Event: 69.287 GC heap after
{Heap after GC invocations=78 (full 0):
 garbage-first heap   total 450560K, used 316509K [0x0000000080000000, 0x0000000100000000)
  region size 1024K, 10 young (10240K), 10 survivors (10240K)
 Metaspace       used 136140K, committed 137216K, reserved 1179648K
  class space    used 18106K, committed 18624K, reserved 1048576K
}
Event: 69.674 GC heap before
{Heap before GC invocations=78 (full 0):
 garbage-first heap   total 450560K, used 367709K [0x0000000080000000, 0x0000000100000000)
  region size 1024K, 56 young (57344K), 10 survivors (10240K)
 Metaspace       used 136383K, committed 137408K, reserved 1179648K
  class space    used 18138K, committed 18624K, reserved 1048576K
}
Event: 69.711 GC heap after
{Heap after GC invocations=79 (full 0):
 garbage-first heap   total 450560K, used 338372K [0x0000000080000000, 0x0000000100000000)
  region size 1024K, 7 young (7168K), 7 survivors (7168K)
 Metaspace       used 136383K, committed 137408K, reserved 1179648K
  class space    used 18138K, committed 18624K, reserved 1048576K
}
Event: 69.894 GC heap before
{Heap before GC invocations=79 (full 0):
 garbage-first heap   total 450560K, used 372164K [0x0000000080000000, 0x0000000100000000)
  region size 1024K, 41 young (41984K), 7 survivors (7168K)
 Metaspace       used 136859K, committed 137856K, reserved 1179648K
  class space    used 18191K, committed 18688K, reserved 1048576K
}
Event: 69.919 GC heap after
{Heap after GC invocations=80 (full 0):
 garbage-first heap   total 450560K, used 352213K [0x0000000080000000, 0x0000000100000000)
  region size 1024K, 6 young (6144K), 6 survivors (6144K)
 Metaspace       used 136859K, committed 137856K, reserved 1179648K
  class space    used 18191K, committed 18688K, reserved 1048576K
}
Event: 70.075 GC heap before
{Heap before GC invocations=80 (full 0):
 garbage-first heap   total 450560K, used 378837K [0x0000000080000000, 0x0000000100000000)
  region size 1024K, 33 young (33792K), 6 survivors (6144K)
 Metaspace       used 137462K, committed 138560K, reserved 1179648K
  class space    used 18290K, committed 18816K, reserved 1048576K
}

