# JRE version: OpenJDK Runtime Environment (17.0.8) (build 17.0.8+0--10699129)
# Java VM: OpenJDK 64-Bit Server VM (17.0.8+0--10699129, mixed mode, tiered, compressed oops, compressed class ptrs, g1 gc, windows-amd64)
GC Precious Log:
 CPUs: 8 total, 8 available
 Memory: 6091M
 Large Page Support: Disabled
 NUMA Support: Disabled
 Compressed Oops: Enabled (32-bit)
 Heap Region Size: 1M
 Heap Min Capacity: 8M
 Heap Initial Capacity: 96M
 Heap Max Capacity: 2G
 Pre-touch: Disabled
 Parallel Workers: 8
 Concurrent Workers: 2
 Concurrent Refinement Workers: 8
 Periodic GC: Disabled
Heap:
 garbage-first heap   total 314368K, used 209463K [0x0000000080000000, 0x0000000100000000)
  region size 1024K, 44 young (45056K), 11 survivors (11264K)
 Metaspace       used 111184K, committed 111872K, reserved 1179648K
  class space    used 15132K, committed 15488K, reserved 1048576K
GC Heap History (20 events):
Event: 19.168 GC heap before
{Heap before GC invocations=39 (full 0):
 garbage-first heap   total 183296K, used 149617K [0x0000000080000000, 0x0000000100000000)
  region size 1024K, 61 young (62464K), 6 survivors (6144K)
 Metaspace       used 96284K, committed 96960K, reserved 1179648K
  class space    used 13165K, committed 13440K, reserved 1048576K
}
Event: 19.174 GC heap after
{Heap after GC invocations=40 (full 0):
 garbage-first heap   total 183296K, used 95969K [0x0000000080000000, 0x0000000100000000)
  region size 1024K, 6 young (6144K), 6 survivors (6144K)
 Metaspace       used 96284K, committed 96960K, reserved 1179648K
  class space    used 13165K, committed 13440K, reserved 1048576K
}
Event: 19.940 GC heap before
{Heap before GC invocations=40 (full 0):
 garbage-first heap   total 183296K, used 155361K [0x0000000080000000, 0x0000000100000000)
  region size 1024K, 60 young (61440K), 6 survivors (6144K)
 Metaspace       used 100142K, committed 100736K, reserved 1179648K
  class space    used 13640K, committed 13952K, reserved 1048576K
}
Event: 19.951 GC heap after
{Heap after GC invocations=41 (full 0):
 garbage-first heap   total 183296K, used 101671K [0x0000000080000000, 0x0000000100000000)
  region size 1024K, 8 young (8192K), 8 survivors (8192K)
 Metaspace       used 100142K, committed 100736K, reserved 1179648K
  class space    used 13640K, committed 13952K, reserved 1048576K
}
Event: 20.779 GC heap before
{Heap before GC invocations=41 (full 0):
 garbage-first heap   total 183296K, used 149799K [0x0000000080000000, 0x0000000100000000)
  region size 1024K, 56 young (57344K), 8 survivors (8192K)
 Metaspace       used 101796K, committed 102464K, reserved 1179648K
  class space    used 13892K, committed 14208K, reserved 1048576K
}
Event: 20.792 GC heap after
{Heap after GC invocations=42 (full 0):
 garbage-first heap   total 183296K, used 109641K [0x0000000080000000, 0x0000000100000000)
  region size 1024K, 7 young (7168K), 7 survivors (7168K)
 Metaspace       used 101796K, committed 102464K, reserved 1179648K
  class space    used 13892K, committed 14208K, reserved 1048576K
}
Event: 21.067 GC heap before
{Heap before GC invocations=42 (full 0):
 garbage-first heap   total 183296K, used 148553K [0x0000000080000000, 0x0000000100000000)
  region size 1024K, 46 young (47104K), 7 survivors (7168K)
 Metaspace       used 101941K, committed 102592K, reserved 1179648K
  class space    used 13896K, committed 14208K, reserved 1048576K
}
Event: 21.081 GC heap after
{Heap after GC invocations=43 (full 0):
 garbage-first heap   total 183296K, used 113219K [0x0000000080000000, 0x0000000100000000)
  region size 1024K, 5 young (5120K), 5 survivors (5120K)
 Metaspace       used 101941K, committed 102592K, reserved 1179648K
  class space    used 13896K, committed 14208K, reserved 1048576K
}
Event: 21.422 GC heap before
{Heap before GC invocations=43 (full 0):
 garbage-first heap   total 183296K, used 150083K [0x0000000080000000, 0x0000000100000000)
  region size 1024K, 42 young (43008K), 5 survivors (5120K)
 Metaspace       used 102187K, committed 102912K, reserved 1179648K
  class space    used 13902K, committed 14208K, reserved 1048576K
}
Event: 21.428 GC heap after
{Heap after GC invocations=44 (full 0):
 garbage-first heap   total 253952K, used 115730K [0x0000000080000000, 0x0000000100000000)
  region size 1024K, 5 young (5120K), 5 survivors (5120K)
 Metaspace       used 102187K, committed 102912K, reserved 1179648K
  class space    used 13902K, committed 14208K, reserved 1048576K
}
Event: 22.066 GC heap before
{Heap before GC invocations=44 (full 0):
 garbage-first heap   total 253952K, used 200722K [0x0000000080000000, 0x0000000100000000)
  region size 1024K, 89 young (91136K), 5 survivors (5120K)
 Metaspace       used 102667K, committed 103360K, reserved 1179648K
  class space    used 13931K, committed 14272K, reserved 1048576K
}
Event: 22.074 GC heap after
{Heap after GC invocations=45 (full 0):
 garbage-first heap   total 253952K, used 120906K [0x0000000080000000, 0x0000000100000000)
  region size 1024K, 10 young (10240K), 10 survivors (10240K)
 Metaspace       used 102667K, committed 103360K, reserved 1179648K
  class space    used 13931K, committed 14272K, reserved 1048576K
}
Event: 22.691 GC heap before
{Heap before GC invocations=45 (full 0):
 garbage-first heap   total 253952K, used 201802K [0x0000000080000000, 0x0000000100000000)
  region size 1024K, 90 young (92160K), 10 survivors (10240K)
 Metaspace       used 103627K, committed 104320K, reserved 1179648K
  class space    used 14087K, committed 14400K, reserved 1048576K
}
Event: 22.704 GC heap after
{Heap after GC invocations=46 (full 0):
 garbage-first heap   total 253952K, used 125379K [0x0000000080000000, 0x0000000100000000)
  region size 1024K, 7 young (7168K), 7 survivors (7168K)
 Metaspace       used 103627K, committed 104320K, reserved 1179648K
  class space    used 14087K, committed 14400K, reserved 1048576K
}
Event: 23.167 GC heap before
{Heap before GC invocations=46 (full 0):
 garbage-first heap   total 253952K, used 204227K [0x0000000080000000, 0x0000000100000000)
  region size 1024K, 85 young (87040K), 7 survivors (7168K)
 Metaspace       used 105281K, committed 105984K, reserved 1179648K
  class space    used 14327K, committed 14656K, reserved 1048576K
}
Event: 23.181 GC heap after
{Heap after GC invocations=47 (full 0):
 garbage-first heap   total 253952K, used 128969K [0x0000000080000000, 0x0000000100000000)
  region size 1024K, 6 young (6144K), 6 survivors (6144K)
 Metaspace       used 105281K, committed 105984K, reserved 1179648K
  class space    used 14327K, committed 14656K, reserved 1048576K
}
Event: 23.587 GC heap before
{Heap before GC invocations=47 (full 0):
 garbage-first heap   total 253952K, used 206793K [0x0000000080000000, 0x0000000100000000)
  region size 1024K, 83 young (84992K), 6 survivors (6144K)
 Metaspace       used 107214K, committed 107968K, reserved 1179648K
  class space    used 14580K, committed 14912K, reserved 1048576K
}
Event: 23.597 GC heap after
{Heap after GC invocations=48 (full 0):
 garbage-first heap   total 253952K, used 132074K [0x0000000080000000, 0x0000000100000000)
  region size 1024K, 9 young (9216K), 9 survivors (9216K)
 Metaspace       used 107214K, committed 107968K, reserved 1179648K
  class space    used 14580K, committed 14912K, reserved 1048576K
}
Event: 23.852 GC heap before
{Heap before GC invocations=48 (full 0):
 garbage-first heap   total 253952K, used 177130K [0x0000000080000000, 0x0000000100000000)
  region size 1024K, 33 young (33792K), 9 survivors (9216K)
 Metaspace       used 107675K, committed 108416K, reserved 1179648K
  class space    used 14628K, committed 14976K, reserved 1048576K
}
Event: 23.864 GC heap after
{Heap after GC invocations=49 (full 0):
 garbage-first heap   total 253952K, used 166455K [0x0000000080000000, 0x0000000100000000)
  region size 1024K, 11 young (11264K), 11 survivors (11264K)
 Metaspace       used 107675K, committed 108416K, reserved 1179648K
  class space    used 14628K, committed 14976K, reserved 1048576K
}

