# JRE version: OpenJDK Runtime Environment (17.0.8) (build 17.0.8+0--10699129)
# Java VM: OpenJDK 64-Bit Server VM (17.0.8+0--10699129, mixed mode, tiered, compressed oops, compressed class ptrs, g1 gc, windows-amd64)
GC Precious Log:
 CPUs: 8 total, 8 available
 Memory: 6091M
 Large Page Support: Disabled
 NUMA Support: Disabled
 Compressed Oops: Enabled (32-bit)
 Heap Region Size: 1M
 Heap Min Capacity: 8M
 Heap Initial Capacity: 96M
 Heap Max Capacity: 2G
 Pre-touch: Disabled
 Parallel Workers: 8
 Concurrent Workers: 2
 Concurrent Refinement Workers: 8
 Periodic GC: Disabled
Heap:
 garbage-first heap   total 189440K, used 151080K [0x0000000080000000, 0x0000000100000000)
  region size 1024K, 44 young (45056K), 1 survivors (1024K)
 Metaspace       used 88548K, committed 89280K, reserved 1179648K
  class space    used 12131K, committed 12480K, reserved 1048576K
GC Heap History (20 events):
Event: 8.756 GC heap before
{Heap before GC invocations=23 (full 0):
 garbage-first heap   total 181248K, used 143758K [0x0000000080000000, 0x0000000100000000)
  region size 1024K, 77 young (78848K), 1 survivors (1024K)
 Metaspace       used 59604K, committed 60288K, reserved 1114112K
  class space    used 8096K, committed 8384K, reserved 1048576K
}
Event: 8.765 GC heap after
{Heap after GC invocations=24 (full 0):
 garbage-first heap   total 181248K, used 75840K [0x0000000080000000, 0x0000000100000000)
  region size 1024K, 10 young (10240K), 10 survivors (10240K)
 Metaspace       used 59604K, committed 60288K, reserved 1114112K
  class space    used 8096K, committed 8384K, reserved 1048576K
}
Event: 9.535 GC heap before
{Heap before GC invocations=24 (full 0):
 garbage-first heap   total 181248K, used 145472K [0x0000000080000000, 0x0000000100000000)
  region size 1024K, 73 young (74752K), 10 survivors (10240K)
 Metaspace       used 64543K, committed 65152K, reserved 1114112K
  class space    used 8714K, committed 8960K, reserved 1048576K
}
Event: 9.543 GC heap after
{Heap after GC invocations=25 (full 0):
 garbage-first heap   total 181248K, used 87753K [0x0000000080000000, 0x0000000100000000)
  region size 1024K, 7 young (7168K), 7 survivors (7168K)
 Metaspace       used 64543K, committed 65152K, reserved 1114112K
  class space    used 8714K, committed 8960K, reserved 1048576K
}
Event: 10.407 GC heap before
{Heap before GC invocations=25 (full 0):
 garbage-first heap   total 181248K, used 139977K [0x0000000080000000, 0x0000000100000000)
  region size 1024K, 59 young (60416K), 7 survivors (7168K)
 Metaspace       used 71493K, committed 72192K, reserved 1114112K
  class space    used 9598K, committed 9920K, reserved 1048576K
}
Event: 10.412 GC heap after
{Heap after GC invocations=26 (full 0):
 garbage-first heap   total 181248K, used 91282K [0x0000000080000000, 0x0000000100000000)
  region size 1024K, 4 young (4096K), 4 survivors (4096K)
 Metaspace       used 71493K, committed 72192K, reserved 1114112K
  class space    used 9598K, committed 9920K, reserved 1048576K
}
Event: 11.061 GC heap before
{Heap before GC invocations=27 (full 0):
 garbage-first heap   total 184320K, used 152722K [0x0000000080000000, 0x0000000100000000)
  region size 1024K, 58 young (59392K), 4 survivors (4096K)
 Metaspace       used 74533K, committed 75200K, reserved 1114112K
  class space    used 10021K, committed 10304K, reserved 1048576K
}
Event: 11.067 GC heap after
{Heap after GC invocations=28 (full 0):
 garbage-first heap   total 184320K, used 95667K [0x0000000080000000, 0x0000000100000000)
  region size 1024K, 8 young (8192K), 8 survivors (8192K)
 Metaspace       used 74533K, committed 75200K, reserved 1114112K
  class space    used 10021K, committed 10304K, reserved 1048576K
}
Event: 11.588 GC heap before
{Heap before GC invocations=28 (full 0):
 garbage-first heap   total 184320K, used 137651K [0x0000000080000000, 0x0000000100000000)
  region size 1024K, 50 young (51200K), 8 survivors (8192K)
 Metaspace       used 77717K, committed 78400K, reserved 1179648K
  class space    used 10464K, committed 10752K, reserved 1048576K
}
Event: 11.594 GC heap after
{Heap after GC invocations=29 (full 0):
 garbage-first heap   total 184320K, used 96976K [0x0000000080000000, 0x0000000100000000)
  region size 1024K, 2 young (2048K), 2 survivors (2048K)
 Metaspace       used 77717K, committed 78400K, reserved 1179648K
  class space    used 10464K, committed 10752K, reserved 1048576K
}
Event: 12.107 GC heap before
{Heap before GC invocations=30 (full 0):
 garbage-first heap   total 184320K, used 156368K [0x0000000080000000, 0x0000000100000000)
  region size 1024K, 56 young (57344K), 2 survivors (2048K)
 Metaspace       used 78948K, committed 79680K, reserved 1179648K
  class space    used 10625K, committed 10944K, reserved 1048576K
}
Event: 12.118 GC heap after
{Heap after GC invocations=31 (full 0):
 garbage-first heap   total 184320K, used 105607K [0x0000000080000000, 0x0000000100000000)
  region size 1024K, 7 young (7168K), 7 survivors (7168K)
 Metaspace       used 78948K, committed 79680K, reserved 1179648K
  class space    used 10625K, committed 10944K, reserved 1048576K
}
Event: 12.144 GC heap before
{Heap before GC invocations=31 (full 0):
 garbage-first heap   total 184320K, used 107655K [0x0000000080000000, 0x0000000100000000)
  region size 1024K, 9 young (9216K), 7 survivors (7168K)
 Metaspace       used 78972K, committed 79680K, reserved 1179648K
  class space    used 10629K, committed 10944K, reserved 1048576K
}
Event: 12.149 GC heap after
{Heap after GC invocations=32 (full 0):
 garbage-first heap   total 184320K, used 106355K [0x0000000080000000, 0x0000000100000000)
  region size 1024K, 1 young (1024K), 1 survivors (1024K)
 Metaspace       used 78972K, committed 79680K, reserved 1179648K
  class space    used 10629K, committed 10944K, reserved 1048576K
}
Event: 12.786 GC heap before
{Heap before GC invocations=32 (full 0):
 garbage-first heap   total 184320K, used 155507K [0x0000000080000000, 0x0000000100000000)
  region size 1024K, 48 young (49152K), 1 survivors (1024K)
 Metaspace       used 82206K, committed 82880K, reserved 1179648K
  class space    used 11059K, committed 11328K, reserved 1048576K
}
Event: 12.790 GC heap after
{Heap after GC invocations=33 (full 0):
 garbage-first heap   total 184320K, used 108228K [0x0000000080000000, 0x0000000100000000)
  region size 1024K, 3 young (3072K), 3 survivors (3072K)
 Metaspace       used 82206K, committed 82880K, reserved 1179648K
  class space    used 11059K, committed 11328K, reserved 1048576K
}
Event: 13.389 GC heap before
{Heap before GC invocations=34 (full 0):
 garbage-first heap   total 189440K, used 154308K [0x0000000080000000, 0x0000000100000000)
  region size 1024K, 48 young (49152K), 3 survivors (3072K)
 Metaspace       used 85354K, committed 86080K, reserved 1179648K
  class space    used 11713K, committed 12032K, reserved 1048576K
}
Event: 13.394 GC heap after
{Heap after GC invocations=35 (full 0):
 garbage-first heap   total 189440K, used 109135K [0x0000000080000000, 0x0000000100000000)
  region size 1024K, 4 young (4096K), 4 survivors (4096K)
 Metaspace       used 85354K, committed 86080K, reserved 1179648K
  class space    used 11713K, committed 12032K, reserved 1048576K
}
Event: 13.462 GC heap before
{Heap before GC invocations=35 (full 0):
 garbage-first heap   total 189440K, used 114255K [0x0000000080000000, 0x0000000100000000)
  region size 1024K, 9 young (9216K), 4 survivors (4096K)
 Metaspace       used 85736K, committed 86528K, reserved 1179648K
  class space    used 11758K, committed 12096K, reserved 1048576K
}
Event: 13.466 GC heap after
{Heap after GC invocations=36 (full 0):
 garbage-first heap   total 189440K, used 109096K [0x0000000080000000, 0x0000000100000000)
  region size 1024K, 1 young (1024K), 1 survivors (1024K)
 Metaspace       used 85736K, committed 86528K, reserved 1179648K
  class space    used 11758K, committed 12096K, reserved 1048576K
}

